This is pdfTeX, Version 3.14159265-2.6-1.40.16 (TeX Live 2015/Debian) (preloaded format=pdflatex 2016.6.27)  7 SEP 2016 12:49
entering extended mode
 restricted \write18 enabled.
 %&-line parsing enabled.
**NumericalSgpsMan
(./NumericalSgpsMan.tex
LaTeX2e <2016/02/01>
Babel <3.9q> and hyphenation patterns for 81 language(s) loaded.
(/usr/share/texlive/texmf-dist/tex/latex/base/report.cls
Document Class: report 2014/09/29 v1.4h Standard LaTeX document class
(/usr/share/texlive/texmf-dist/tex/latex/base/size11.clo
File: size11.clo 2014/09/29 v1.4h Standard LaTeX file (size option)
)
\c@part=\count79
\c@chapter=\count80
\c@section=\count81
\c@subsection=\count82
\c@subsubsection=\count83
\c@paragraph=\count84
\c@subparagraph=\count85
\c@figure=\count86
\c@table=\count87
\abovecaptionskip=\skip41
\belowcaptionskip=\skip42
\bibindent=\dimen102
)
(/usr/share/texlive/texmf-dist/tex/latex/a4wide/a4wide.sty
Package: a4wide 1994/08/30

(/usr/share/texlive/texmf-dist/tex/latex/ntgclass/a4.sty
Package: a4 2004/04/15 v1.2g A4 based page layout
))
(/usr/share/texlive/texmf-dist/tex/latex/amsfonts/amssymb.sty
Package: amssymb 2013/01/14 v3.01 AMS font symbols

(/usr/share/texlive/texmf-dist/tex/latex/amsfonts/amsfonts.sty
Package: amsfonts 2013/01/14 v3.01 Basic AMSFonts support
\@emptytoks=\toks14
\symAMSa=\mathgroup4
\symAMSb=\mathgroup5
LaTeX Font Info:    Overwriting math alphabet `\mathfrak' in version `bold'
(Font)                  U/euf/m/n --> U/euf/b/n on input line 106.
))
(/usr/share/texlive/texmf-dist/tex/latex/base/inputenc.sty
Package: inputenc 2015/03/17 v1.2c Input encoding file
\inpenc@prehook=\toks15
\inpenc@posthook=\toks16

(/usr/share/texlive/texmf-dist/tex/latex/base/latin1.def
File: latin1.def 2015/03/17 v1.2c Input encoding file
))
(/usr/share/texlive/texmf-dist/tex/latex/base/makeidx.sty
Package: makeidx 2014/09/29 v1.0m Standard LaTeX package
)
\@indexfile=\write3
\openout3 = `NumericalSgpsMan.idx'.


Writing index file NumericalSgpsMan.idx
(/usr/share/texlive/texmf-dist/tex/latex/graphics/color.sty
Package: color 2016/01/03 v1.1b Standard LaTeX Color (DPC)

(/usr/share/texlive/texmf-dist/tex/latex/latexconfig/color.cfg
File: color.cfg 2007/01/18 v1.5 color configuration of teTeX/TeXLive
)
Package color Info: Driver file: pdftex.def on input line 143.

(/usr/share/texlive/texmf-dist/tex/latex/pdftex-def/pdftex.def
File: pdftex.def 2011/05/27 v0.06d Graphics/color for pdfTeX

(/usr/share/texlive/texmf-dist/tex/generic/oberdiek/infwarerr.sty
Package: infwarerr 2010/04/08 v1.3 Providing info/warning/error messages (HO)
)
(/usr/share/texlive/texmf-dist/tex/generic/oberdiek/ltxcmds.sty
Package: ltxcmds 2011/11/09 v1.22 LaTeX kernel commands for general use (HO)
)
\Gread@gobject=\count88
))
(/usr/share/texlive/texmf-dist/tex/latex/fancyvrb/fancyvrb.sty
Package: fancyvrb 2008/02/07

Style option: `fancyvrb' v2.7a, with DG/SPQR fixes, and firstline=lastline fix 
<2008/02/07> (tvz) (/usr/share/texlive/texmf-dist/tex/latex/graphics/keyval.sty
Package: keyval 2014/10/28 v1.15 key=value parser (DPC)
\KV@toks@=\toks17
)
\FV@CodeLineNo=\count89
\FV@InFile=\read1
\FV@TabBox=\box26
\c@FancyVerbLine=\count90
\FV@StepNumber=\count91
\FV@OutFile=\write4
) (/usr/share/texlive/texmf-dist/tex/latex/psnfss/mathptmx.sty
Package: mathptmx 2005/04/12 PSNFSS-v9.2a Times w/ Math, improved (SPQR, WaS) 
LaTeX Font Info:    Redeclaring symbol font `operators' on input line 28.
LaTeX Font Info:    Overwriting symbol font `operators' in version `normal'
(Font)                  OT1/cmr/m/n --> OT1/ztmcm/m/n on input line 28.
LaTeX Font Info:    Overwriting symbol font `operators' in version `bold'
(Font)                  OT1/cmr/bx/n --> OT1/ztmcm/m/n on input line 28.
LaTeX Font Info:    Redeclaring symbol font `letters' on input line 29.
LaTeX Font Info:    Overwriting symbol font `letters' in version `normal'
(Font)                  OML/cmm/m/it --> OML/ztmcm/m/it on input line 29.
LaTeX Font Info:    Overwriting symbol font `letters' in version `bold'
(Font)                  OML/cmm/b/it --> OML/ztmcm/m/it on input line 29.
LaTeX Font Info:    Redeclaring symbol font `symbols' on input line 30.
LaTeX Font Info:    Overwriting symbol font `symbols' in version `normal'
(Font)                  OMS/cmsy/m/n --> OMS/ztmcm/m/n on input line 30.
LaTeX Font Info:    Overwriting symbol font `symbols' in version `bold'
(Font)                  OMS/cmsy/b/n --> OMS/ztmcm/m/n on input line 30.
LaTeX Font Info:    Redeclaring symbol font `largesymbols' on input line 31.
LaTeX Font Info:    Overwriting symbol font `largesymbols' in version `normal'
(Font)                  OMX/cmex/m/n --> OMX/ztmcm/m/n on input line 31.
LaTeX Font Info:    Overwriting symbol font `largesymbols' in version `bold'
(Font)                  OMX/cmex/m/n --> OMX/ztmcm/m/n on input line 31.
\symbold=\mathgroup6
\symitalic=\mathgroup7
LaTeX Font Info:    Redeclaring math alphabet \mathbf on input line 34.
LaTeX Font Info:    Overwriting math alphabet `\mathbf' in version `normal'
(Font)                  OT1/cmr/bx/n --> OT1/ptm/bx/n on input line 34.
LaTeX Font Info:    Overwriting math alphabet `\mathbf' in version `bold'
(Font)                  OT1/cmr/bx/n --> OT1/ptm/bx/n on input line 34.
LaTeX Font Info:    Redeclaring math alphabet \mathit on input line 35.
LaTeX Font Info:    Overwriting math alphabet `\mathit' in version `normal'
(Font)                  OT1/cmr/m/it --> OT1/ptm/m/it on input line 35.
LaTeX Font Info:    Overwriting math alphabet `\mathit' in version `bold'
(Font)                  OT1/cmr/bx/it --> OT1/ptm/m/it on input line 35.
LaTeX Info: Redefining \hbar on input line 50.
)
(/usr/share/texlive/texmf-dist/tex/latex/psnfss/helvet.sty
Package: helvet 2005/04/12 PSNFSS-v9.2a (WaS) 
)
(/usr/share/texlive/texmf-dist/tex/latex/base/fontenc.sty
Package: fontenc 2005/09/27 v1.99g Standard LaTeX package

(/usr/share/texlive/texmf-dist/tex/latex/base/t1enc.def
File: t1enc.def 2005/09/27 v1.99g Standard LaTeX file
LaTeX Font Info:    Redeclaring font encoding T1 on input line 48.
))
(/usr/share/texlive/texmf-dist/tex/latex/base/textcomp.sty
Package: textcomp 2005/09/27 v1.99g Standard LaTeX package
Package textcomp Info: Sub-encoding information:
(textcomp)               5 = only ISO-Adobe without \textcurrency
(textcomp)               4 = 5 + \texteuro
(textcomp)               3 = 4 + \textohm
(textcomp)               2 = 3 + \textestimated + \textcurrency
(textcomp)               1 = TS1 - \textcircled - \t
(textcomp)               0 = TS1 (full)
(textcomp)             Font families with sub-encoding setting implement
(textcomp)             only a restricted character set as indicated.
(textcomp)             Family '?' is the default used for unknown fonts.
(textcomp)             See the documentation for details.
Package textcomp Info: Setting ? sub-encoding to TS1/1 on input line 79.

(/usr/share/texlive/texmf-dist/tex/latex/base/ts1enc.def
File: ts1enc.def 2001/06/05 v3.0e (jk/car/fm) Standard LaTeX file
)
LaTeX Info: Redefining \oldstylenums on input line 334.
Package textcomp Info: Setting cmr sub-encoding to TS1/0 on input line 349.
Package textcomp Info: Setting cmss sub-encoding to TS1/0 on input line 350.
Package textcomp Info: Setting cmtt sub-encoding to TS1/0 on input line 351.
Package textcomp Info: Setting cmvtt sub-encoding to TS1/0 on input line 352.
Package textcomp Info: Setting cmbr sub-encoding to TS1/0 on input line 353.
Package textcomp Info: Setting cmtl sub-encoding to TS1/0 on input line 354.
Package textcomp Info: Setting ccr sub-encoding to TS1/0 on input line 355.
Package textcomp Info: Setting ptm sub-encoding to TS1/4 on input line 356.
Package textcomp Info: Setting pcr sub-encoding to TS1/4 on input line 357.
Package textcomp Info: Setting phv sub-encoding to TS1/4 on input line 358.
Package textcomp Info: Setting ppl sub-encoding to TS1/3 on input line 359.
Package textcomp Info: Setting pag sub-encoding to TS1/4 on input line 360.
Package textcomp Info: Setting pbk sub-encoding to TS1/4 on input line 361.
Package textcomp Info: Setting pnc sub-encoding to TS1/4 on input line 362.
Package textcomp Info: Setting pzc sub-encoding to TS1/4 on input line 363.
Package textcomp Info: Setting bch sub-encoding to TS1/4 on input line 364.
Package textcomp Info: Setting put sub-encoding to TS1/5 on input line 365.
Package textcomp Info: Setting uag sub-encoding to TS1/5 on input line 366.
Package textcomp Info: Setting ugq sub-encoding to TS1/5 on input line 367.
Package textcomp Info: Setting ul8 sub-encoding to TS1/4 on input line 368.
Package textcomp Info: Setting ul9 sub-encoding to TS1/4 on input line 369.
Package textcomp Info: Setting augie sub-encoding to TS1/5 on input line 370.
Package textcomp Info: Setting dayrom sub-encoding to TS1/3 on input line 371.
Package textcomp Info: Setting dayroms sub-encoding to TS1/3 on input line 372.

Package textcomp Info: Setting pxr sub-encoding to TS1/0 on input line 373.
Package textcomp Info: Setting pxss sub-encoding to TS1/0 on input line 374.
Package textcomp Info: Setting pxtt sub-encoding to TS1/0 on input line 375.
Package textcomp Info: Setting txr sub-encoding to TS1/0 on input line 376.
Package textcomp Info: Setting txss sub-encoding to TS1/0 on input line 377.
Package textcomp Info: Setting txtt sub-encoding to TS1/0 on input line 378.
Package textcomp Info: Setting lmr sub-encoding to TS1/0 on input line 379.
Package textcomp Info: Setting lmdh sub-encoding to TS1/0 on input line 380.
Package textcomp Info: Setting lmss sub-encoding to TS1/0 on input line 381.
Package textcomp Info: Setting lmssq sub-encoding to TS1/0 on input line 382.
Package textcomp Info: Setting lmvtt sub-encoding to TS1/0 on input line 383.
Package textcomp Info: Setting lmtt sub-encoding to TS1/0 on input line 384.
Package textcomp Info: Setting qhv sub-encoding to TS1/0 on input line 385.
Package textcomp Info: Setting qag sub-encoding to TS1/0 on input line 386.
Package textcomp Info: Setting qbk sub-encoding to TS1/0 on input line 387.
Package textcomp Info: Setting qcr sub-encoding to TS1/0 on input line 388.
Package textcomp Info: Setting qcs sub-encoding to TS1/0 on input line 389.
Package textcomp Info: Setting qpl sub-encoding to TS1/0 on input line 390.
Package textcomp Info: Setting qtm sub-encoding to TS1/0 on input line 391.
Package textcomp Info: Setting qzc sub-encoding to TS1/0 on input line 392.
Package textcomp Info: Setting qhvc sub-encoding to TS1/0 on input line 393.
Package textcomp Info: Setting futs sub-encoding to TS1/4 on input line 394.
Package textcomp Info: Setting futx sub-encoding to TS1/4 on input line 395.
Package textcomp Info: Setting futj sub-encoding to TS1/4 on input line 396.
Package textcomp Info: Setting hlh sub-encoding to TS1/3 on input line 397.
Package textcomp Info: Setting hls sub-encoding to TS1/3 on input line 398.
Package textcomp Info: Setting hlst sub-encoding to TS1/3 on input line 399.
Package textcomp Info: Setting hlct sub-encoding to TS1/5 on input line 400.
Package textcomp Info: Setting hlx sub-encoding to TS1/5 on input line 401.
Package textcomp Info: Setting hlce sub-encoding to TS1/5 on input line 402.
Package textcomp Info: Setting hlcn sub-encoding to TS1/5 on input line 403.
Package textcomp Info: Setting hlcw sub-encoding to TS1/5 on input line 404.
Package textcomp Info: Setting hlcf sub-encoding to TS1/5 on input line 405.
Package textcomp Info: Setting pplx sub-encoding to TS1/3 on input line 406.
Package textcomp Info: Setting pplj sub-encoding to TS1/3 on input line 407.
Package textcomp Info: Setting ptmx sub-encoding to TS1/4 on input line 408.
Package textcomp Info: Setting ptmj sub-encoding to TS1/4 on input line 409.
)
(/usr/share/texlive/texmf-dist/tex/latex/hyperref/hyperref.sty
Package: hyperref 2012/11/06 v6.83m Hypertext links for LaTeX

(/usr/share/texlive/texmf-dist/tex/generic/oberdiek/hobsub-hyperref.sty
Package: hobsub-hyperref 2012/05/28 v1.13 Bundle oberdiek, subset hyperref (HO)


(/usr/share/texlive/texmf-dist/tex/generic/oberdiek/hobsub-generic.sty
Package: hobsub-generic 2012/05/28 v1.13 Bundle oberdiek, subset generic (HO)
Package: hobsub 2012/05/28 v1.13 Construct package bundles (HO)
Package hobsub Info: Skipping package `infwarerr' (already loaded).
Package hobsub Info: Skipping package `ltxcmds' (already loaded).
Package: ifluatex 2010/03/01 v1.3 Provides the ifluatex switch (HO)
Package ifluatex Info: LuaTeX not detected.
Package: ifvtex 2010/03/01 v1.5 Detect VTeX and its facilities (HO)
Package ifvtex Info: VTeX not detected.
Package: intcalc 2007/09/27 v1.1 Expandable calculations with integers (HO)
Package: ifpdf 2011/01/30 v2.3 Provides the ifpdf switch (HO)
Package ifpdf Info: pdfTeX in PDF mode is detected.
Package: etexcmds 2011/02/16 v1.5 Avoid name clashes with e-TeX commands (HO)
Package etexcmds Info: Could not find \expanded.
(etexcmds)             That can mean that you are not using pdfTeX 1.50 or
(etexcmds)             that some package has redefined \expanded.
(etexcmds)             In the latter case, load this package earlier.
Package: kvsetkeys 2012/04/25 v1.16 Key value parser (HO)
Package: kvdefinekeys 2011/04/07 v1.3 Define keys (HO)
Package: pdftexcmds 2011/11/29 v0.20 Utility functions of pdfTeX for LuaTeX (HO
)
Package pdftexcmds Info: LuaTeX not detected.
Package pdftexcmds Info: \pdf@primitive is available.
Package pdftexcmds Info: \pdf@ifprimitive is available.
Package pdftexcmds Info: \pdfdraftmode found.
Package: pdfescape 2011/11/25 v1.13 Implements pdfTeX's escape features (HO)
Package: bigintcalc 2012/04/08 v1.3 Expandable calculations on big integers (HO
)
Package: bitset 2011/01/30 v1.1 Handle bit-vector datatype (HO)
Package: uniquecounter 2011/01/30 v1.2 Provide unlimited unique counter (HO)
)
Package hobsub Info: Skipping package `hobsub' (already loaded).
Package: letltxmacro 2010/09/02 v1.4 Let assignment for LaTeX macros (HO)
Package: hopatch 2012/05/28 v1.2 Wrapper for package hooks (HO)
Package: xcolor-patch 2011/01/30 xcolor patch
Package: atveryend 2011/06/30 v1.8 Hooks at the very end of document (HO)
Package atveryend Info: \enddocument detected (standard20110627).
Package: atbegshi 2011/10/05 v1.16 At begin shipout hook (HO)
Package: refcount 2011/10/16 v3.4 Data extraction from label references (HO)
Package: hycolor 2011/01/30 v1.7 Color options for hyperref/bookmark (HO)
)
(/usr/share/texlive/texmf-dist/tex/generic/ifxetex/ifxetex.sty
Package: ifxetex 2010/09/12 v0.6 Provides ifxetex conditional
)
(/usr/share/texlive/texmf-dist/tex/latex/oberdiek/auxhook.sty
Package: auxhook 2011/03/04 v1.3 Hooks for auxiliary files (HO)
)
(/usr/share/texlive/texmf-dist/tex/latex/oberdiek/kvoptions.sty
Package: kvoptions 2011/06/30 v3.11 Key value format for package options (HO)
)
\@linkdim=\dimen103
\Hy@linkcounter=\count92
\Hy@pagecounter=\count93

(/usr/share/texlive/texmf-dist/tex/latex/hyperref/pd1enc.def
File: pd1enc.def 2012/11/06 v6.83m Hyperref: PDFDocEncoding definition (HO)
)
\Hy@SavedSpaceFactor=\count94

(/usr/share/texlive/texmf-dist/tex/latex/latexconfig/hyperref.cfg
File: hyperref.cfg 2002/06/06 v1.2 hyperref configuration of TeXLive
)

Package hyperref Warning: Unexpected value for option `pdftex'
(hyperref)                is ignored on input line 4319.

Package hyperref Info: Option `bookmarks' set `true' on input line 4319.

Package hyperref Warning: Option `a4paper' is no longer used.

Package hyperref Info: Option `colorlinks' set `true' on input line 4319.
Package hyperref Info: Option `breaklinks' set `true' on input line 4319.
Package hyperref Info: Hyper figures OFF on input line 4443.
Package hyperref Info: Link nesting OFF on input line 4448.
Package hyperref Info: Hyper index ON on input line 4451.
Package hyperref Info: Plain pages OFF on input line 4458.
Package hyperref Info: Backreferencing ON on input line 4461.
Package hyperref Info: Implicit mode ON; LaTeX internals redefined.
Package hyperref Info: Bookmarks ON on input line 4688.
(/usr/share/texlive/texmf-dist/tex/latex/hyperref/backref.sty
Package: backref 2012/07/25 v1.38 Bibliographical back referencing

(/usr/share/texlive/texmf-dist/tex/latex/oberdiek/rerunfilecheck.sty
Package: rerunfilecheck 2011/04/15 v1.7 Rerun checks for auxiliary files (HO)
Package uniquecounter Info: New unique counter `rerunfilecheck' on input line 2
82.
))
\c@Hy@tempcnt=\count95

(/usr/share/texlive/texmf-dist/tex/latex/url/url.sty
\Urlmuskip=\muskip10
Package: url 2013/09/16  ver 3.4  Verb mode for urls, etc.
)
LaTeX Info: Redefining \url on input line 5041.
\XeTeXLinkMargin=\dimen104
\Fld@menulength=\count96
\Field@Width=\dimen105
\Fld@charsize=\dimen106
Package hyperref Info: Hyper figures OFF on input line 6295.
Package hyperref Info: Link nesting OFF on input line 6300.
Package hyperref Info: Hyper index ON on input line 6303.
Package hyperref Info: backreferencing ON on input line 6308.
Package hyperref Info: Link coloring ON on input line 6313.
Package hyperref Info: Link coloring with OCG OFF on input line 6320.
Package hyperref Info: PDF/A mode OFF on input line 6325.
LaTeX Info: Redefining \ref on input line 6365.
LaTeX Info: Redefining \pageref on input line 6369.
\Hy@abspage=\count97
\c@Item=\count98
\c@Hfootnote=\count99
)

Package hyperref Message: Driver: hpdftex.

(/usr/share/texlive/texmf-dist/tex/latex/hyperref/hpdftex.def
File: hpdftex.def 2012/11/06 v6.83m Hyperref driver for pdfTeX
\Fld@listcount=\count100
\c@bookmark@seq@number=\count101
\Hy@SectionHShift=\skip43
)
\pagenrlog=\write5
\openout5 = `NumericalSgpsMan.pnr'.


(/usr/share/texlive/texmf-dist/tex/latex/enumitem/enumitem.sty
Package: enumitem 2011/09/28 v3.5.2 Customized lists
\labelindent=\skip44
\enit@outerparindent=\dimen107
\enit@toks=\toks18
\enit@inbox=\box27
\enitdp@description=\count102
)
(./NumericalSgpsMan.aux)
\openout1 = `NumericalSgpsMan.aux'.

LaTeX Font Info:    Checking defaults for OML/cmm/m/it on input line 87.
LaTeX Font Info:    ... okay on input line 87.
LaTeX Font Info:    Checking defaults for T1/cmr/m/n on input line 87.
LaTeX Font Info:    ... okay on input line 87.
LaTeX Font Info:    Checking defaults for OT1/cmr/m/n on input line 87.
LaTeX Font Info:    ... okay on input line 87.
LaTeX Font Info:    Checking defaults for OMS/cmsy/m/n on input line 87.
LaTeX Font Info:    ... okay on input line 87.
LaTeX Font Info:    Checking defaults for OMX/cmex/m/n on input line 87.
LaTeX Font Info:    ... okay on input line 87.
LaTeX Font Info:    Checking defaults for U/cmr/m/n on input line 87.
LaTeX Font Info:    ... okay on input line 87.
LaTeX Font Info:    Checking defaults for TS1/cmr/m/n on input line 87.
LaTeX Font Info:    Try loading font information for TS1+cmr on input line 87.

(/usr/share/texlive/texmf-dist/tex/latex/base/ts1cmr.fd
File: ts1cmr.fd 2014/09/29 v2.5h Standard LaTeX font definitions
)
LaTeX Font Info:    ... okay on input line 87.
LaTeX Font Info:    Checking defaults for PD1/pdf/m/n on input line 87.
LaTeX Font Info:    ... okay on input line 87.
LaTeX Font Info:    Try loading font information for T1+ptm on input line 87.

(/usr/share/texlive/texmf-dist/tex/latex/psnfss/t1ptm.fd
File: t1ptm.fd 2001/06/04 font definitions for T1/ptm.
)
(/usr/share/texlive/texmf-dist/tex/context/base/supp-pdf.mkii
[Loading MPS to PDF converter (version 2006.09.02).]
\scratchcounter=\count103
\scratchdimen=\dimen108
\scratchbox=\box28
\nofMPsegments=\count104
\nofMParguments=\count105
\everyMPshowfont=\toks19
\MPscratchCnt=\count106
\MPscratchDim=\dimen109
\MPnumerator=\count107
\makeMPintoPDFobject=\count108
\everyMPtoPDFconversion=\toks20
)
\big@size=\dimen110
\AtBeginShipoutBox=\box29
Package hyperref Info: Link coloring ON on input line 87.
 (/usr/share/texlive/texmf-dist/tex/latex/hyperref/nameref.sty
Package: nameref 2012/10/27 v2.43 Cross-referencing by name of section

(/usr/share/texlive/texmf-dist/tex/generic/oberdiek/gettitlestring.sty
Package: gettitlestring 2010/12/03 v1.4 Cleanup title references (HO)
)
\c@section@level=\count109
)
LaTeX Info: Redefining \ref on input line 87.
LaTeX Info: Redefining \pageref on input line 87.
LaTeX Info: Redefining \nameref on input line 87.

(./NumericalSgpsMan.out) (./NumericalSgpsMan.out)
\@outlinefile=\write6
\openout6 = `NumericalSgpsMan.out'.

LaTeX Font Info:    Font shape `T1/ptm/bx/n' in size <50> not available
(Font)              Font shape `T1/ptm/b/n' tried instead on input line 93.
LaTeX Font Info:    Try loading font information for T1+phv on input line 93.

(/usr/share/texlive/texmf-dist/tex/latex/psnfss/t1phv.fd
File: t1phv.fd 2001/06/04 scalable font definitions for T1/phv.
)
LaTeX Font Info:    Font shape `T1/phv/bx/n' in size <50> not available
(Font)              Font shape `T1/phv/b/n' tried instead on input line 93.
LaTeX Font Info:    Font shape `T1/ptm/bx/n' in size <14.4> not available
(Font)              Font shape `T1/ptm/b/n' tried instead on input line 100.
LaTeX Font Info:    Font shape `T1/ptm/bx/n' in size <10> not available
(Font)              Font shape `T1/ptm/b/n' tried instead on input line 108.
LaTeX Font Info:    Try loading font information for T1+cmtt on input line 108.


(/usr/share/texlive/texmf-dist/tex/latex/base/t1cmtt.fd
File: t1cmtt.fd 2014/09/29 v2.5h Standard LaTeX font definitions
)
Underfull \hbox (badness 10000) in paragraph at lines 106--113

 []

[1

{/var/lib/texmf/fonts/map/pdftex/updmap/pdftex.map}]
LaTeX Font Info:    Try loading font information for TS1+ptm on input line 119.


(/usr/share/texlive/texmf-dist/tex/latex/psnfss/ts1ptm.fd
File: ts1ptm.fd 2001/06/04 font definitions for TS1/ptm.
)
Underfull \hbox (badness 10000) in paragraph at lines 122--126

 []


Underfull \hbox (badness 10000) in paragraph at lines 170--175

 []


Underfull \hbox (badness 10000) in paragraph at lines 187--190

 []

[2] [3]
LaTeX Font Info:    Font shape `T1/ptm/bx/n' in size <24.88> not available
(Font)              Font shape `T1/ptm/b/n' tried instead on input line 194.
 (./NumericalSgpsMan.toc
LaTeX Font Info:    Font shape `T1/ptm/bx/n' in size <10.95> not available
(Font)              Font shape `T1/ptm/b/n' tried instead on input line 1.
LaTeX Font Info:    Try loading font information for OT1+ztmcm on input line 3.


(/usr/share/texlive/texmf-dist/tex/latex/psnfss/ot1ztmcm.fd
File: ot1ztmcm.fd 2000/01/03 Fontinst v1.801 font definitions for OT1/ztmcm.
)
LaTeX Font Info:    Try loading font information for OML+ztmcm on input line 3.


(/usr/share/texlive/texmf-dist/tex/latex/psnfss/omlztmcm.fd
File: omlztmcm.fd 2000/01/03 Fontinst v1.801 font definitions for OML/ztmcm.
)
LaTeX Font Info:    Try loading font information for OMS+ztmcm on input line 3.


(/usr/share/texlive/texmf-dist/tex/latex/psnfss/omsztmcm.fd
File: omsztmcm.fd 2000/01/03 Fontinst v1.801 font definitions for OMS/ztmcm.
)
LaTeX Font Info:    Try loading font information for OMX+ztmcm on input line 3.


(/usr/share/texlive/texmf-dist/tex/latex/psnfss/omxztmcm.fd
File: omxztmcm.fd 2000/01/03 Fontinst v1.801 font definitions for OMX/ztmcm.
)
LaTeX Font Info:    Try loading font information for OT1+ptm on input line 3.

(/usr/share/texlive/texmf-dist/tex/latex/psnfss/ot1ptm.fd
File: ot1ptm.fd 2001/06/04 font definitions for OT1/ptm.
)
LaTeX Font Info:    Font shape `OT1/ptm/bx/n' in size <10.95> not available
(Font)              Font shape `OT1/ptm/b/n' tried instead on input line 3.
LaTeX Font Info:    Font shape `OT1/ptm/bx/n' in size <8> not available
(Font)              Font shape `OT1/ptm/b/n' tried instead on input line 3.
LaTeX Font Info:    Font shape `OT1/ptm/bx/n' in size <6> not available
(Font)              Font shape `OT1/ptm/b/n' tried instead on input line 3.
 [4

])
\tf@toc=\write7
\openout7 = `NumericalSgpsMan.toc'.

 [5]
Chapter 1.
LaTeX Font Info:    Font shape `T1/ptm/bx/n' in size <20.74> not available
(Font)              Font shape `T1/ptm/b/n' tried instead on input line 198.
[6

] [7] [8]
Chapter 2.
LaTeX Font Info:    Font shape `T1/ptm/bx/n' in size <12> not available
(Font)              Font shape `T1/ptm/b/n' tried instead on input line 332.

Underfull \hbox (badness 10000) in paragraph at lines 335--341

 []

LaTeX Font Info:    Font shape `T1/cmtt/bx/n' in size <10> not available
(Font)              Font shape `T1/cmtt/m/n' tried instead on input line 349.
[9

]
Underfull \hbox (badness 10000) in paragraph at lines 375--381

 []


Underfull \hbox (badness 10000) in paragraph at lines 401--407

 []

[10]
Underfull \hbox (badness 10000) in paragraph at lines 430--436

 []


Underfull \hbox (badness 10000) in paragraph at lines 470--476

 []

[11]
Underfull \hbox (badness 10000) in paragraph at lines 506--512

 []


Underfull \hbox (badness 10000) in paragraph at lines 539--545

 []


Underfull \hbox (badness 10000) in paragraph at lines 567--573

 []

[12]
Underfull \hbox (badness 10000) in paragraph at lines 591--597

 []


Underfull \hbox (badness 10000) in paragraph at lines 627--633

 []


Underfull \hbox (badness 10000) in paragraph at lines 654--660

 []

[13]
Underfull \hbox (badness 10000) in paragraph at lines 692--728

 []

[14]
Underfull \hbox (badness 10000) in paragraph at lines 754--757

 []


Underfull \hbox (badness 10000) in paragraph at lines 778--781

 []


Underfull \hbox (badness 10000) in paragraph at lines 803--806

 []


Underfull \hbox (badness 1661) in paragraph at lines 808--810
[]\T1/ptm/m/n/10.95 Tests whether a list [] of in-te-gers may rep-re-sent the A
péry list of a nu-mer-i-cal semi-
 []


Underfull \hbox (badness 1881) in paragraph at lines 808--810
\T1/ptm/m/n/10.95 group. It re-turns \T1/cmtt/m/n/10.95 true \T1/ptm/m/n/10.95 
when the pe-ri-odic func-tion rep-re-sented by [] is sub-ad-di-tive (see
 []

[15]
Underfull \hbox (badness 10000) in paragraph at lines 821--824

 []


Underfull \hbox (badness 10000) in paragraph at lines 844--847

 []


Underfull \hbox (badness 10000) in paragraph at lines 870--876

 []

[16] [17]
Chapter 3.

Underfull \hbox (badness 10000) in paragraph at lines 912--918

 []


Underfull \hbox (badness 10000) in paragraph at lines 938--953

 []

[18

]
Underfull \hbox (badness 10000) in paragraph at lines 990--996

 []


Underfull \hbox (badness 10000) in paragraph at lines 1015--1021

 []

[19]
Underfull \hbox (badness 10000) in paragraph at lines 1038--1041

 []


Underfull \hbox (badness 10000) in paragraph at lines 1057--1060

 []


Underfull \hbox (badness 10000) in paragraph at lines 1076--1082

 []


Underfull \hbox (badness 10000) in paragraph at lines 1100--1103

 []

[20]
Underfull \hbox (badness 10000) in paragraph at lines 1128--1131

 []


Underfull \hbox (badness 10000) in paragraph at lines 1151--1154

 []


Underfull \hbox (badness 10000) in paragraph at lines 1175--1178

 []

[21]
Underfull \hbox (badness 10000) in paragraph at lines 1194--1200

 []


Underfull \hbox (badness 10000) in paragraph at lines 1220--1226

 []


Underfull \hbox (badness 10000) in paragraph at lines 1242--1245

 []


Underfull \hbox (badness 10000) in paragraph at lines 1263--1266

 []

[22]
Underfull \hbox (badness 10000) in paragraph at lines 1284--1290

 []


Underfull \hbox (badness 10000) in paragraph at lines 1306--1312

 []


Underfull \hbox (badness 10000) in paragraph at lines 1330--1333

 []

[23]
Underfull \hbox (badness 10000) in paragraph at lines 1354--1360

 []


Underfull \hbox (badness 10000) in paragraph at lines 1379--1385

 []


Underfull \hbox (badness 10000) in paragraph at lines 1409--1415

 []

[24]
Underfull \hbox (badness 10000) in paragraph at lines 1441--1447

 []


Underfull \hbox (badness 10000) in paragraph at lines 1467--1473

 []

[25]
Underfull \hbox (badness 10000) in paragraph at lines 1491--1494

 []


Underfull \hbox (badness 10000) in paragraph at lines 1512--1515

 []

[26]
Chapter 4.

Underfull \hbox (badness 10000) in paragraph at lines 1545--1548

 []


Underfull \hbox (badness 10000) in paragraph at lines 1572--1575

 []

[27

pdfTeX warning (ext4): destination with the same identifier (name{L.X7969F7F27A
AF0BF1}) has been already used, duplicate ignored

\AtBegShi@Output ...ipout \box \AtBeginShipoutBox 
                                                  \fi \fi 
l.1583 ...tsize=\small,frame=single,label=Example]
                                                  ]
Underfull \hbox (badness 10000) in paragraph at lines 1595--1598

 []


Underfull \hbox (badness 10000) in paragraph at lines 1615--1618

 []


Underfull \hbox (badness 10000) in paragraph at lines 1636--1639

 []


Underfull \hbox (badness 10000) in paragraph at lines 1666--1669

 []

[28]
Underfull \hbox (badness 10000) in paragraph at lines 1687--1690

 []

[29]
Chapter 5.

Underfull \hbox (badness 10000) in paragraph at lines 1723--1726

 []


Underfull \hbox (badness 10000) in paragraph at lines 1746--1749

 []

[30

]
Underfull \hbox (badness 10000) in paragraph at lines 1779--1782

 []


Underfull \hbox (badness 10000) in paragraph at lines 1806--1809

 []


Underfull \hbox (badness 10000) in paragraph at lines 1834--1837

 []

[31]
Underfull \hbox (badness 10000) in paragraph at lines 1853--1856

 []


Underfull \hbox (badness 10000) in paragraph at lines 1876--1879

 []


Underfull \hbox (badness 10000) in paragraph at lines 1906--1909

 []

[32]
Underfull \hbox (badness 10000) in paragraph at lines 1934--1937

 []


Underfull \hbox (badness 10000) in paragraph at lines 1964--1967

 []

[33]
Underfull \hbox (badness 10000) in paragraph at lines 2006--2009

 []


Underfull \hbox (badness 10000) in paragraph at lines 2041--2044

 []

[34]
Underfull \hbox (badness 10000) in paragraph at lines 2081--2084

 []


Underfull \hbox (badness 10000) in paragraph at lines 2112--2115

 []

[35] [36]
Chapter 6.

Underfull \hbox (badness 10000) in paragraph at lines 2181--2184

 []


Underfull \hbox (badness 10000) in paragraph at lines 2200--2203

 []

[37

pdfTeX warning (ext4): destination with the same identifier (name{L.X83C597EC7F
AA1C0F}) has been already used, duplicate ignored

\AtBegShi@Output ...ipout \box \AtBeginShipoutBox 
                                                  \fi \fi 
l.2205  \mbox{\texttt{\mdseries\slshape s}}
                                            is a numerical semigroup. The ou...
]
Underfull \hbox (badness 10000) in paragraph at lines 2219--2222

 []


Underfull \hbox (badness 10000) in paragraph at lines 2238--2241

 []


Underfull \hbox (badness 10000) in paragraph at lines 2261--2264

 []


Underfull \hbox (badness 10000) in paragraph at lines 2279--2282

 []

[38]
Underfull \hbox (badness 10000) in paragraph at lines 2313--2316

 []


Underfull \hbox (badness 10000) in paragraph at lines 2340--2343

 []

[39]
Underfull \hbox (badness 10000) in paragraph at lines 2369--2372

 []


Underfull \hbox (badness 10000) in paragraph at lines 2388--2391

 []


Underfull \hbox (badness 10000) in paragraph at lines 2410--2413

 []


Underfull \hbox (badness 10000) in paragraph at lines 2429--2432

 []

[40]
Underfull \hbox (badness 10000) in paragraph at lines 2451--2454

 []


Underfull \hbox (badness 10000) in paragraph at lines 2470--2473

 []


Overfull \hbox (64.23305pt too wide) in paragraph at lines 2493--2493
[][]\T1/ptm/b/n/12 NumericalSemigroupsAssociatedIrreduciblePlanarCurveSingulari
tyWithFrobeniusNumber[] 
 []


Overfull \hbox (42.28542pt too wide) in paragraph at lines 2496--2499
[]$\OML/ztmcm/m/it/10.95 .$  \T1/cmtt/m/n/10.95 NumericalSemigroupsAssociatedIr
reduciblePlanarCurveSingularityWithFrobeniusNumber(\T1/cmtt/m/sl/10.95 f\T1/cmt
t/m/n/10.95 )[]
 []


Underfull \hbox (badness 10000) in paragraph at lines 2496--2499

 []

[41]
Underfull \hbox (badness 10000) in paragraph at lines 2532--2535

 []


Underfull \hbox (badness 10000) in paragraph at lines 2558--2561

 []


Underfull \hbox (badness 10000) in paragraph at lines 2577--2580

 []

[42]
Chapter 7.

Underfull \hbox (badness 10000) in paragraph at lines 2615--2621

 []


Underfull \hbox (badness 10000) in paragraph at lines 2643--2646

 []

[43

]
Underfull \hbox (badness 10000) in paragraph at lines 2663--2672

 []


Underfull \hbox (badness 10000) in paragraph at lines 2692--2698

 []


Underfull \hbox (badness 10000) in paragraph at lines 2719--2722

 []


Underfull \hbox (badness 10000) in paragraph at lines 2737--2740

 []

[44]
Underfull \hbox (badness 10000) in paragraph at lines 2757--2763

 []


Underfull \hbox (badness 10000) in paragraph at lines 2785--2791

 []


Underfull \hbox (badness 10000) in paragraph at lines 2808--2814

 []

[45]
Underfull \hbox (badness 10000) in paragraph at lines 2837--2843

 []


Underfull \hbox (badness 10000) in paragraph at lines 2865--2871

 []


Underfull \hbox (badness 10000) in paragraph at lines 2888--2894

 []

[46]
Underfull \hbox (badness 10000) in paragraph at lines 2919--2922

 []


Underfull \hbox (badness 10000) in paragraph at lines 2943--2946

 []


Underfull \hbox (badness 10000) in paragraph at lines 2970--2973

 []

[47]
Underfull \hbox (badness 10000) in paragraph at lines 2989--2992

 []


Underfull \hbox (badness 10000) in paragraph at lines 3006--3009

 []


Underfull \hbox (badness 10000) in paragraph at lines 3031--3034

 []


Underfull \hbox (badness 10000) in paragraph at lines 3058--3061

 []

[48]
Underfull \hbox (badness 10000) in paragraph at lines 3077--3080

 []


Underfull \hbox (badness 10000) in paragraph at lines 3096--3099

 []


Underfull \hbox (badness 10000) in paragraph at lines 3115--3118

 []

[49]
Underfull \hbox (badness 10000) in paragraph at lines 3144--3147

 []


Underfull \hbox (badness 10000) in paragraph at lines 3165--3168

 []


Underfull \hbox (badness 10000) in paragraph at lines 3185--3188

 []


Underfull \hbox (badness 10000) in paragraph at lines 3209--3212

 []

[50]
Underfull \hbox (badness 10000) in paragraph at lines 3245--3248

 []


Underfull \hbox (badness 10000) in paragraph at lines 3268--3271

 []

[51]
Underfull \hbox (badness 10000) in paragraph at lines 3287--3290

 []


Underfull \hbox (badness 10000) in paragraph at lines 3309--3312

 []

[52]
Chapter 8.

Underfull \hbox (badness 10000) in paragraph at lines 3347--3350

 []


Underfull \hbox (badness 10000) in paragraph at lines 3368--3371

 []

[53

pdfTeX warning (ext4): destination with the same identifier (name{L.X7D2E70FC82
D979D3}) has been already used, duplicate ignored

\AtBegShi@Output ...ipout \box \AtBeginShipoutBox 
                                                  \fi \fi 
l.3376 ...tsize=\small,frame=single,label=Example]
                                                  ]
Underfull \hbox (badness 10000) in paragraph at lines 3389--3392

 []


Underfull \hbox (badness 10000) in paragraph at lines 3422--3425

 []


Underfull \hbox (badness 10000) in paragraph at lines 3445--3448

 []

[54]
Underfull \hbox (badness 10000) in paragraph at lines 3466--3469

 []


Underfull \hbox (badness 10000) in paragraph at lines 3486--3489

 []


Underfull \hbox (badness 10000) in paragraph at lines 3522--3525

 []

[55]
Underfull \hbox (badness 10000) in paragraph at lines 3543--3546

 []


Underfull \hbox (badness 10000) in paragraph at lines 3564--3567

 []

[56]
Chapter 9.

Underfull \hbox (badness 10000) in paragraph at lines 3617--3620

 []

[57

]
Underfull \hbox (badness 10000) in paragraph at lines 3635--3638

 []


Underfull \hbox (badness 10000) in paragraph at lines 3655--3658

 []


Underfull \hbox (badness 10000) in paragraph at lines 3678--3681

 []


Underfull \hbox (badness 10000) in paragraph at lines 3701--3704

 []

[58]
Underfull \hbox (badness 10000) in paragraph at lines 3725--3728

 []


Underfull \hbox (badness 10000) in paragraph at lines 3742--3745

 []


Underfull \hbox (badness 10000) in paragraph at lines 3762--3765

 []


Underfull \hbox (badness 10000) in paragraph at lines 3782--3785

 []

[59]
Underfull \hbox (badness 10000) in paragraph at lines 3801--3804

 []


Underfull \hbox (badness 10000) in paragraph at lines 3820--3823

 []


Underfull \hbox (badness 10000) in paragraph at lines 3839--3842

 []


Underfull \hbox (badness 10000) in paragraph at lines 3859--3862

 []

[60]
Underfull \hbox (badness 10000) in paragraph at lines 3879--3882

 []


Underfull \hbox (badness 10000) in paragraph at lines 3900--3903

 []


Underfull \hbox (badness 10000) in paragraph at lines 3918--3921

 []

[61]
Underfull \hbox (badness 10000) in paragraph at lines 3949--3952

 []


Underfull \hbox (badness 10000) in paragraph at lines 3969--3972

 []


Underfull \hbox (badness 10000) in paragraph at lines 3995--3998

 []

[62]
Underfull \hbox (badness 10000) in paragraph at lines 4016--4019

 []


Underfull \hbox (badness 10000) in paragraph at lines 4038--4041

 []


Underfull \hbox (badness 10000) in paragraph at lines 4061--4064

 []

[63]
Underfull \hbox (badness 10000) in paragraph at lines 4085--4088

 []


Underfull \hbox (badness 10000) in paragraph at lines 4104--4107

 []


Underfull \hbox (badness 10000) in paragraph at lines 4125--4128

 []


Underfull \hbox (badness 10000) in paragraph at lines 4144--4147

 []

[64]
Underfull \hbox (badness 10000) in paragraph at lines 4166--4169

 []


Underfull \hbox (badness 10000) in paragraph at lines 4184--4187

 []


Underfull \hbox (badness 10000) in paragraph at lines 4204--4207

 []


Underfull \hbox (badness 10000) in paragraph at lines 4224--4227

 []

[65]
Underfull \hbox (badness 10000) in paragraph at lines 4243--4246

 []


Underfull \hbox (badness 10000) in paragraph at lines 4268--4271

 []


Underfull \hbox (badness 10000) in paragraph at lines 4288--4291

 []

[66]
Underfull \hbox (badness 10000) in paragraph at lines 4315--4318

 []


Underfull \hbox (badness 10000) in paragraph at lines 4335--4338

 []


Underfull \hbox (badness 10000) in paragraph at lines 4363--4366

 []


Underfull \hbox (badness 10000) in paragraph at lines 4384--4387

 []

[67]
Underfull \hbox (badness 10000) in paragraph at lines 4411--4414

 []

[68]
Chapter 10.

Underfull \hbox (badness 10000) in paragraph at lines 4444--4447

 []


Underfull \hbox (badness 10000) in paragraph at lines 4463--4466

 []


Underfull \hbox (badness 10000) in paragraph at lines 4485--4488

 []

[69

]
Underfull \hbox (badness 10000) in paragraph at lines 4507--4510

 []


Underfull \hbox (badness 10000) in paragraph at lines 4526--4529

 []


Underfull \hbox (badness 10000) in paragraph at lines 4544--4547

 []


Underfull \hbox (badness 10000) in paragraph at lines 4563--4566

 []

[70]
Underfull \hbox (badness 10000) in paragraph at lines 4591--4594

 []


Underfull \hbox (badness 10000) in paragraph at lines 4609--4612

 []


Underfull \hbox (badness 10000) in paragraph at lines 4636--4639

 []

[71]
Underfull \hbox (badness 10000) in paragraph at lines 4657--4660

 []


Underfull \hbox (badness 10000) in paragraph at lines 4677--4680

 []


Underfull \hbox (badness 10000) in paragraph at lines 4695--4698

 []

[72]
Underfull \hbox (badness 10000) in paragraph at lines 4719--4722

 []


Underfull \hbox (badness 10000) in paragraph at lines 4750--4753

 []

[73]
Underfull \hbox (badness 10000) in paragraph at lines 4781--4784

 []

[74]
Chapter 11.

Underfull \hbox (badness 10000) in paragraph at lines 4842--4845

 []


Underfull \hbox (badness 10000) in paragraph at lines 4868--4874

 []

[75

]
Underfull \hbox (badness 10000) in paragraph at lines 4892--4898

 []


Underfull \hbox (badness 10000) in paragraph at lines 4917--4920

 []


Underfull \hbox (badness 10000) in paragraph at lines 4951--4966

 []

[76]
Underfull \hbox (badness 10000) in paragraph at lines 4986--4989

 []


Underfull \hbox (badness 10000) in paragraph at lines 5015--5018

 []

[77]
Underfull \hbox (badness 10000) in paragraph at lines 5039--5042

 []


Underfull \hbox (badness 10000) in paragraph at lines 5061--5064

 []


Underfull \hbox (badness 10000) in paragraph at lines 5081--5084

 []


Underfull \hbox (badness 10000) in paragraph at lines 5099--5102

 []

[78]
Underfull \hbox (badness 10000) in paragraph at lines 5125--5128

 []


Underfull \hbox (badness 10000) in paragraph at lines 5158--5161

 []


Underfull \hbox (badness 10000) in paragraph at lines 5173--5176

 []

[79]
Underfull \hbox (badness 10000) in paragraph at lines 5200--5203

 []


Underfull \hbox (badness 10000) in paragraph at lines 5220--5223

 []


Underfull \hbox (badness 10000) in paragraph at lines 5232--5235

 []


Underfull \hbox (badness 10000) in paragraph at lines 5246--5249

 []

[80]
Underfull \hbox (badness 10000) in paragraph at lines 5260--5263

 []


Underfull \hbox (badness 10000) in paragraph at lines 5291--5294

 []


Underfull \hbox (badness 10000) in paragraph at lines 5313--5316

 []

[81]
Underfull \hbox (badness 10000) in paragraph at lines 5334--5337

 []


Underfull \hbox (badness 10000) in paragraph at lines 5352--5355

 []


Underfull \hbox (badness 10000) in paragraph at lines 5366--5369

 []


Underfull \hbox (badness 10000) in paragraph at lines 5380--5383

 []

[82]
Underfull \hbox (badness 10000) in paragraph at lines 5407--5410

 []


Underfull \hbox (badness 10000) in paragraph at lines 5426--5429

 []


Underfull \hbox (badness 10000) in paragraph at lines 5448--5451

 []

[83]
Chapter 12.

Underfull \hbox (badness 10000) in paragraph at lines 5492--5495

 []


Underfull \hbox (badness 10000) in paragraph at lines 5504--5507

 []

[84

]
Underfull \hbox (badness 10000) in paragraph at lines 5531--5534

 []


Underfull \hbox (badness 10000) in paragraph at lines 5553--5556

 []


Underfull \hbox (badness 10000) in paragraph at lines 5572--5575

 []


Underfull \hbox (badness 10000) in paragraph at lines 5600--5606

 []

[85]
Underfull \hbox (badness 10000) in paragraph at lines 5627--5633

 []


Underfull \hbox (badness 10000) in paragraph at lines 5653--5659

 []

[86]
Underfull \hbox (badness 10000) in paragraph at lines 5682--5685

 []


Underfull \hbox (badness 10000) in paragraph at lines 5709--5712

 []


Underfull \hbox (badness 10000) in paragraph at lines 5738--5741

 []

[87]
Underfull \hbox (badness 10000) in paragraph at lines 5757--5760

 []


Underfull \hbox (badness 10000) in paragraph at lines 5778--5781

 []


Underfull \hbox (badness 10000) in paragraph at lines 5807--5810

 []

[88]
Underfull \hbox (badness 10000) in paragraph at lines 5829--5832

 []


Underfull \hbox (badness 10000) in paragraph at lines 5856--5859

 []


Underfull \hbox (badness 10000) in paragraph at lines 5877--5880

 []

[89]
Underfull \hbox (badness 10000) in paragraph at lines 5910--5913

 []


Underfull \hbox (badness 10000) in paragraph at lines 5934--5937

 []


Underfull \hbox (badness 10000) in paragraph at lines 5955--5958

 []

[90]
Underfull \hbox (badness 10000) in paragraph at lines 5976--5979

 []


Underfull \hbox (badness 10000) in paragraph at lines 5998--6004

 []


Underfull \hbox (badness 10000) in paragraph at lines 6024--6030

 []


Underfull \hbox (badness 10000) in paragraph at lines 6050--6053

 []

[91] [92]
Chapter 13.

Underfull \hbox (badness 10000) in paragraph at lines 6088--6091

 []


Underfull \hbox (badness 10000) in paragraph at lines 6101--6104

 []


Underfull \hbox (badness 10000) in paragraph at lines 6114--6117

 []


Underfull \hbox (badness 10000) in paragraph at lines 6127--6130

 []

[93

]
Underfull \hbox (badness 10000) in paragraph at lines 6142--6145

 []


Underfull \hbox (badness 10000) in paragraph at lines 6157--6160

 []

[94]
Appendix A.

Underfull \hbox (badness 10000) in paragraph at lines 6192--6195

 []


Underfull \hbox (badness 10000) in paragraph at lines 6213--6216

 []


Underfull \hbox (badness 10000) in paragraph at lines 6233--6236

 []

[95

]
Underfull \hbox (badness 10000) in paragraph at lines 6256--6259

 []


Underfull \hbox (badness 10000) in paragraph at lines 6274--6277

 []

[96]
Appendix B.

Underfull \hbox (badness 10000) in paragraph at lines 6310--6313

 []


Underfull \hbox (badness 10000) in paragraph at lines 6329--6332

 []


Underfull \hbox (badness 10000) in paragraph at lines 6346--6349

 []

[97

pdfTeX warning (ext4): destination with the same identifier (name{L.X86746B487B
54A2D6}) has been already used, duplicate ignored

\AtBegShi@Output ...ipout \box \AtBeginShipoutBox 
                                                  \fi \fi 
l.6357 \end{Verbatim}
                     ]
Underfull \hbox (badness 10000) in paragraph at lines 6365--6368

 []


Underfull \hbox (badness 10000) in paragraph at lines 6384--6387

 []


Underfull \hbox (badness 10000) in paragraph at lines 6403--6406

 []

[98] [99]
Appendix C.

Underfull \hbox (badness 10000) in paragraph at lines 6446--6449

 []


Underfull \hbox (badness 10000) in paragraph at lines 6467--6470

 []


Underfull \hbox (badness 10000) in paragraph at lines 6488--6491

 []

[100

]
Underfull \hbox (badness 10000) in paragraph at lines 6510--6513

 []


Underfull \hbox (badness 10000) in paragraph at lines 6533--6536

 []


Underfull \hbox (badness 10000) in paragraph at lines 6556--6559

 []


Underfull \hbox (badness 10000) in paragraph at lines 6580--6583

 []

[101]
Underfull \hbox (badness 10000) in paragraph at lines 6605--6608

 []


Underfull \hbox (badness 10000) in paragraph at lines 6629--6632

 []


Underfull \hbox (badness 10000) in paragraph at lines 6653--6656

 []

[102]
Underfull \hbox (badness 10000) in paragraph at lines 6677--6680

 []


Underfull \hbox (badness 10000) in paragraph at lines 6709--6712

 []

[103]
Underfull \hbox (badness 10000) in paragraph at lines 6742--6745

 []


Underfull \hbox (badness 10000) in paragraph at lines 6766--6769

 []


Underfull \hbox (badness 10000) in paragraph at lines 6787--6790

 []


Underfull \hbox (badness 10000) in paragraph at lines 6808--6811

 []

[104]
Underfull \hbox (badness 10000) in paragraph at lines 6830--6833

 []


Underfull \hbox (badness 10000) in paragraph at lines 6850--6853

 []


Underfull \hbox (badness 10000) in paragraph at lines 6878--6881

 []

[105]
Underfull \hbox (badness 10000) in paragraph at lines 6899--6902

 []


Underfull \hbox (badness 10000) in paragraph at lines 6923--6926

 []


Underfull \hbox (badness 10000) in paragraph at lines 6944--6947

 []


Underfull \hbox (badness 10000) in paragraph at lines 6961--6964

 []

[106]
Underfull \hbox (badness 10000) in paragraph at lines 6984--6987

 []


Underfull \hbox (badness 10000) in paragraph at lines 7007--7010

 []


Underfull \hbox (badness 10000) in paragraph at lines 7031--7034

 []

[107] (./NumericalSgpsMan.bbl (./NumericalSgpsMan.brf)
\tf@brf=\write8
\openout8 = `NumericalSgpsMan.brf'.

 [108]
Underfull \hbox (badness 1259) in paragraph at lines 74--74
[]\T1/ptm/m/n/10.95 M. Barakat, S. Gutsche, S. Jam-bor, M. Lange-Hegermann, A. 
Lorenz, and
 []


Underfull \hbox (badness 1215) in paragraph at lines 74--74
\T1/ptm/m/n/10.95 O. Mot-sak.  Grad-ed-Mod-ules, a homalg based pack-age for th
e abelian cat-
 []


Underfull \hbox (badness 2772) in paragraph at lines 74--74
\T1/ptm/m/n/10.95 e-gory of finitely pre-sented graded mod-ules over com-putabl
e graded rings,
 []


Underfull \hbox (badness 10000) in paragraph at lines 74--74
\T1/ptm/m/n/10.95 Ver-sion 2014.09.17.  [][]\T1/cmtt/m/n/10.95 http://homalg.ma
th.rwth-aachen.de/~barakat/
 []

[109

] [110] [111]
Underfull \hbox (badness 1132) in paragraph at lines 265--265
[]\T1/ptm/m/n/10.95 S. Gutsche.  4ti2interface, a link to 4ti2.  [][]$\T1/cmtt/
m/n/10.95 http : / / www . gap-[]system . org /
 []

[112]
Underfull \hbox (badness 1132) in paragraph at lines 401--401
[]\T1/ptm/m/n/10.95 Dario Spir-ito.  Star op-er-a-tions on nu-mer-i-cal semi-gr
oups.  \T1/ptm/m/it/10.95 Comm. Al-ge-bra\T1/ptm/m/n/10.95 ,
 []

) [113] (./NumericalSgpsMan.ind
Underfull \hbox (badness 10000) in paragraph at lines 15--17
[]\T1/cmtt/m/n/10.95 Adjacent\T1/ptm/m/n/10.95 -\T1/cmtt/m/n/10.95 Catenary\T1/
ptm/m/n/10.95 -\T1/cmtt/m/n/10.95 Degree\T1/ptm/m/n/10.95 -\T1/cmtt/m/n/10.95 O
f\T1/ptm/m/n/10.95 -\T1/cmtt/m/n/10.95 Set\T1/ptm/m/n/10.95 -\T1/cmtt/m/n/10.95
 Of\T1/ptm/m/n/10.95 -
 []


Underfull \hbox (badness 10000) in paragraph at lines 19--21
[]\T1/cmtt/m/n/10.95 Almost\T1/ptm/m/n/10.95 -\T1/cmtt/m/n/10.95 Symmetric\T1/p
tm/m/n/10.95 -\T1/cmtt/m/n/10.95 Numerical\T1/ptm/m/n/10.95 -\T1/cmtt/m/n/10.95
 Semigroups\T1/ptm/m/n/10.95 -
 []


Underfull \hbox (badness 10000) in paragraph at lines 21--23
[]\T1/cmtt/m/n/10.95 Almost\T1/ptm/m/n/10.95 -\T1/cmtt/m/n/10.95 Symmetric\T1/p
tm/m/n/10.95 -\T1/cmtt/m/n/10.95 Numerical\T1/ptm/m/n/10.95 -\T1/cmtt/m/n/10.95
 Semigroups\T1/ptm/m/n/10.95 -
 []


Underfull \hbox (badness 10000) in paragraph at lines 26--28
[]\T1/cmtt/m/n/10.95 AnIrreducible\T1/ptm/m/n/10.95 -\T1/cmtt/m/n/10.95 Numeric
al\T1/ptm/m/n/10.95 -\T1/cmtt/m/n/10.95 Semigroup\T1/ptm/m/n/10.95 -\T1/cmtt/m/
n/10.95 With\T1/ptm/m/n/10.95 -
 []


Underfull \hbox (badness 10000) in paragraph at lines 28--30
[]\T1/cmtt/m/n/10.95 ANumerical\T1/ptm/m/n/10.95 -\T1/cmtt/m/n/10.95 Semigroup\
T1/ptm/m/n/10.95 -\T1/cmtt/m/n/10.95 With\T1/ptm/m/n/10.95 -\T1/cmtt/m/n/10.95 
Pseudo\T1/ptm/m/n/10.95 -
 []


Underfull \hbox (badness 10000) in paragraph at lines 33--35
[]\T1/cmtt/m/n/10.95 Apery\T1/ptm/m/n/10.95 -\T1/cmtt/m/n/10.95 List\T1/ptm/m/n
/10.95 -\T1/cmtt/m/n/10.95 Of\T1/ptm/m/n/10.95 -\T1/cmtt/m/n/10.95 Ideal\T1/ptm
/m/n/10.95 -\T1/cmtt/m/n/10.95 Of\T1/ptm/m/n/10.95 -\T1/cmtt/m/n/10.95 Numerica
l\T1/ptm/m/n/10.95 -\T1/cmtt/m/n/10.95 Semigroup\T1/ptm/m/n/10.95 -\T1/cmtt/m/n
/10.95 W\T1/ptm/m/n/10.95 -
 []


Underfull \hbox (badness 10000) in paragraph at lines 36--38
[]\T1/cmtt/m/n/10.95 Apery\T1/ptm/m/n/10.95 -\T1/cmtt/m/n/10.95 List\T1/ptm/m/n
/10.95 -\T1/cmtt/m/n/10.95 Of\T1/ptm/m/n/10.95 -\T1/cmtt/m/n/10.95 Numerical\T1
/ptm/m/n/10.95 -\T1/cmtt/m/n/10.95 Semigroup\T1/ptm/m/n/10.95 -\T1/cmtt/m/n/10.
95 As\T1/ptm/m/n/10.95 -\T1/cmtt/m/n/10.95 Graph\T1/ptm/m/n/10.95 ,
 []


Underfull \hbox (badness 10000) in paragraph at lines 38--40
[]\T1/cmtt/m/n/10.95 Apery\T1/ptm/m/n/10.95 -\T1/cmtt/m/n/10.95 List\T1/ptm/m/n
/10.95 -\T1/cmtt/m/n/10.95 Of\T1/ptm/m/n/10.95 -\T1/cmtt/m/n/10.95 Numerical\T1
/ptm/m/n/10.95 -\T1/cmtt/m/n/10.95 Semigroup\T1/ptm/m/n/10.95 -\T1/cmtt/m/n/10.
95 W\T1/ptm/m/n/10.95 -\T1/cmtt/m/n/10.95 R\T1/ptm/m/n/10.95 -\T1/cmtt/m/n/10.9
5 T\T1/ptm/m/n/10.95 -
 []


Underfull \hbox (badness 10000) in paragraph at lines 40--42
[]\T1/cmtt/m/n/10.95 Apery\T1/ptm/m/n/10.95 -\T1/cmtt/m/n/10.95 List\T1/ptm/m/n
/10.95 -\T1/cmtt/m/n/10.95 Of\T1/ptm/m/n/10.95 -\T1/cmtt/m/n/10.95 Numerical\T1
/ptm/m/n/10.95 -\T1/cmtt/m/n/10.95 Semigroup\T1/ptm/m/n/10.95 -\T1/cmtt/m/n/10.
95 W\T1/ptm/m/n/10.95 -\T1/cmtt/m/n/10.95 R\T1/ptm/m/n/10.95 -\T1/cmtt/m/n/10.9
5 T\T1/ptm/m/n/10.95 -
 []


Underfull \hbox (badness 10000) in paragraph at lines 47--49
[]\T1/cmtt/m/n/10.95 Arf\T1/ptm/m/n/10.95 -\T1/cmtt/m/n/10.95 Numerical\T1/ptm/
m/n/10.95 -\T1/cmtt/m/n/10.95 Semigroups\T1/ptm/m/n/10.95 -\T1/cmtt/m/n/10.95 W
ith\T1/ptm/m/n/10.95 -\T1/cmtt/m/n/10.95 Frobenius\T1/ptm/m/n/10.95 -
 []


Underfull \hbox (badness 10000) in paragraph at lines 59--61
[]\T1/cmtt/m/n/10.95 Belongs\T1/ptm/m/n/10.95 -\T1/cmtt/m/n/10.95 To\T1/ptm/m/n
/10.95 -\T1/cmtt/m/n/10.95 Homogenization\T1/ptm/m/n/10.95 -\T1/cmtt/m/n/10.95 
Of\T1/ptm/m/n/10.95 -\T1/cmtt/m/n/10.95 Numerical\T1/ptm/m/n/10.95 -
 []


Underfull \hbox (badness 10000) in paragraph at lines 69--71
[]\T1/cmtt/m/n/10.95 Buchsbaum\T1/ptm/m/n/10.95 -\T1/cmtt/m/n/10.95 Number\T1/p
tm/m/n/10.95 -\T1/cmtt/m/n/10.95 Of\T1/ptm/m/n/10.95 -\T1/cmtt/m/n/10.95 Associ
ated\T1/ptm/m/n/10.95 -\T1/cmtt/m/n/10.95 Graded\T1/ptm/m/n/10.95 -\T1/cmtt/m/n
/10.95 Ring\T1/ptm/m/n/10.95 -
 []


Underfull \hbox (badness 10000) in paragraph at lines 76--78
[]\T1/cmtt/m/n/10.95 Cartesian\T1/ptm/m/n/10.95 -\T1/cmtt/m/n/10.95 Product\T1/
ptm/m/n/10.95 -\T1/cmtt/m/n/10.95 Of\T1/ptm/m/n/10.95 -\T1/cmtt/m/n/10.95 Numer
ical\T1/ptm/m/n/10.95 -\T1/cmtt/m/n/10.95 Semigroups\T1/ptm/m/n/10.95 ,
 []


Underfull \hbox (badness 10000) in paragraph at lines 79--81
[]\T1/cmtt/m/n/10.95 Catenary\T1/ptm/m/n/10.95 -\T1/cmtt/m/n/10.95 Degree\T1/pt
m/m/n/10.95 -\T1/cmtt/m/n/10.95 Of\T1/ptm/m/n/10.95 -\T1/cmtt/m/n/10.95 Element
\T1/ptm/m/n/10.95 -\T1/cmtt/m/n/10.95 In\T1/ptm/m/n/10.95 -\T1/cmtt/m/n/10.95 N
umerical\T1/ptm/m/n/10.95 -
 []


Underfull \hbox (badness 10000) in paragraph at lines 84--86
[]\T1/cmtt/m/n/10.95 Complete\T1/ptm/m/n/10.95 -\T1/cmtt/m/n/10.95 Intersection
\T1/ptm/m/n/10.95 -\T1/cmtt/m/n/10.95 Numerical\T1/ptm/m/n/10.95 -
 []


Underfull \hbox (badness 10000) in paragraph at lines 84--86
\T1/cmtt/m/n/10.95 Semigroups\T1/ptm/m/n/10.95 -\T1/cmtt/m/n/10.95 With\T1/ptm/
m/n/10.95 -\T1/cmtt/m/n/10.95 Frobenius\T1/ptm/m/n/10.95 -\T1/cmtt/m/n/10.95 Nu
mber\T1/ptm/m/n/10.95 ,
 []

[114


]
Underfull \hbox (badness 10000) in paragraph at lines 91--93
[]\T1/cmtt/m/n/10.95 Conductor\T1/ptm/m/n/10.95 -\T1/cmtt/m/n/10.95 Of\T1/ptm/m
/n/10.95 -\T1/cmtt/m/n/10.95 Ideal\T1/ptm/m/n/10.95 -\T1/cmtt/m/n/10.95 Of\T1/p
tm/m/n/10.95 -\T1/cmtt/m/n/10.95 Numerical\T1/ptm/m/n/10.95 -\T1/cmtt/m/n/10.95
 Semigroup\T1/ptm/m/n/10.95 ,
 []


Underfull \hbox (badness 10000) in paragraph at lines 101--103
[]\T1/cmtt/m/n/10.95 Delta\T1/ptm/m/n/10.95 -\T1/cmtt/m/n/10.95 Set\T1/ptm/m/n/
10.95 -\T1/cmtt/m/n/10.95 List\T1/ptm/m/n/10.95 -\T1/cmtt/m/n/10.95 Up\T1/ptm/m
/n/10.95 -\T1/cmtt/m/n/10.95 To\T1/ptm/m/n/10.95 -\T1/cmtt/m/n/10.95 Element\T1
/ptm/m/n/10.95 -\T1/cmtt/m/n/10.95 W\T1/ptm/m/n/10.95 -\T1/cmtt/m/n/10.95 R\T1/
ptm/m/n/10.95 -\T1/cmtt/m/n/10.95 T\T1/ptm/m/n/10.95 -\T1/cmtt/m/n/10.95 Numeri
cal\T1/ptm/m/n/10.95 -
 []


Underfull \hbox (badness 10000) in paragraph at lines 103--105
[]\T1/cmtt/m/n/10.95 Delta\T1/ptm/m/n/10.95 -\T1/cmtt/m/n/10.95 Set\T1/ptm/m/n/
10.95 -\T1/cmtt/m/n/10.95 Of\T1/ptm/m/n/10.95 -\T1/cmtt/m/n/10.95 Factorization
s\T1/ptm/m/n/10.95 -\T1/cmtt/m/n/10.95 Element\T1/ptm/m/n/10.95 -\T1/cmtt/m/n/1
0.95 W\T1/ptm/m/n/10.95 -\T1/cmtt/m/n/10.95 R\T1/ptm/m/n/10.95 -\T1/cmtt/m/n/10
.95 T\T1/ptm/m/n/10.95 -
 []


Underfull \hbox (badness 10000) in paragraph at lines 107--109
[]\T1/cmtt/m/n/10.95 Delta\T1/ptm/m/n/10.95 -\T1/cmtt/m/n/10.95 Set\T1/ptm/m/n/
10.95 -\T1/cmtt/m/n/10.95 Periodicity\T1/ptm/m/n/10.95 -\T1/cmtt/m/n/10.95 Boun
d\T1/ptm/m/n/10.95 -\T1/cmtt/m/n/10.95 For\T1/ptm/m/n/10.95 -\T1/cmtt/m/n/10.95
 Numerical\T1/ptm/m/n/10.95 -
 []


Underfull \hbox (badness 10000) in paragraph at lines 109--111
[]\T1/cmtt/m/n/10.95 Delta\T1/ptm/m/n/10.95 -\T1/cmtt/m/n/10.95 Set\T1/ptm/m/n/
10.95 -\T1/cmtt/m/n/10.95 Periodicity\T1/ptm/m/n/10.95 -\T1/cmtt/m/n/10.95 Star
t\T1/ptm/m/n/10.95 -\T1/cmtt/m/n/10.95 For\T1/ptm/m/n/10.95 -\T1/cmtt/m/n/10.95
 Numerical\T1/ptm/m/n/10.95 -
 []


Underfull \hbox (badness 10000) in paragraph at lines 111--113
[]\T1/cmtt/m/n/10.95 Delta\T1/ptm/m/n/10.95 -\T1/cmtt/m/n/10.95 Set\T1/ptm/m/n/
10.95 -\T1/cmtt/m/n/10.95 Union\T1/ptm/m/n/10.95 -\T1/cmtt/m/n/10.95 Up\T1/ptm/
m/n/10.95 -\T1/cmtt/m/n/10.95 To\T1/ptm/m/n/10.95 -\T1/cmtt/m/n/10.95 Element\T
1/ptm/m/n/10.95 -\T1/cmtt/m/n/10.95 W\T1/ptm/m/n/10.95 -\T1/cmtt/m/n/10.95 R\T1
/ptm/m/n/10.95 -\T1/cmtt/m/n/10.95 T\T1/ptm/m/n/10.95 -\T1/cmtt/m/n/10.95 Numer
ical\T1/ptm/m/n/10.95 -
 []


Underfull \hbox (badness 10000) in paragraph at lines 113--115
[]\T1/cmtt/m/n/10.95 Denumerant\T1/ptm/m/n/10.95 -\T1/cmtt/m/n/10.95 Of\T1/ptm/
m/n/10.95 -\T1/cmtt/m/n/10.95 Element\T1/ptm/m/n/10.95 -\T1/cmtt/m/n/10.95 In\T
1/ptm/m/n/10.95 -\T1/cmtt/m/n/10.95 Numerical\T1/ptm/m/n/10.95 -
 []


Underfull \hbox (badness 10000) in paragraph at lines 115--117
[]\T1/cmtt/m/n/10.95 Difference\T1/ptm/m/n/10.95 -\T1/cmtt/m/n/10.95 Of\T1/ptm/
m/n/10.95 -\T1/cmtt/m/n/10.95 Ideals\T1/ptm/m/n/10.95 -\T1/cmtt/m/n/10.95 Of\T1
/ptm/m/n/10.95 -\T1/cmtt/m/n/10.95 Numerical\T1/ptm/m/n/10.95 -
 []


Underfull \hbox (badness 10000) in paragraph at lines 121--123
[]\T1/cmtt/m/n/10.95 Elasticity\T1/ptm/m/n/10.95 -\T1/cmtt/m/n/10.95 Of\T1/ptm/
m/n/10.95 -\T1/cmtt/m/n/10.95 Factorizations\T1/ptm/m/n/10.95 -\T1/cmtt/m/n/10.
95 Element\T1/ptm/m/n/10.95 -\T1/cmtt/m/n/10.95 W\T1/ptm/m/n/10.95 -\T1/cmtt/m/
n/10.95 R\T1/ptm/m/n/10.95 -\T1/cmtt/m/n/10.95 T\T1/ptm/m/n/10.95 -
 []


Underfull \hbox (badness 10000) in paragraph at lines 129--131
[]\T1/cmtt/m/n/10.95 Embedding\T1/ptm/m/n/10.95 -\T1/cmtt/m/n/10.95 Dimension\T
1/ptm/m/n/10.95 -\T1/cmtt/m/n/10.95 Of\T1/ptm/m/n/10.95 -\T1/cmtt/m/n/10.95 Num
erical\T1/ptm/m/n/10.95 -
 []


Underfull \hbox (badness 10000) in paragraph at lines 131--133
[]\T1/cmtt/m/n/10.95 Equal\T1/ptm/m/n/10.95 -\T1/cmtt/m/n/10.95 Catenary\T1/ptm
/m/n/10.95 -\T1/cmtt/m/n/10.95 Degree\T1/ptm/m/n/10.95 -\T1/cmtt/m/n/10.95 Of\T
1/ptm/m/n/10.95 -\T1/cmtt/m/n/10.95 Affine\T1/ptm/m/n/10.95 -\T1/cmtt/m/n/10.95
 Semigroup\T1/ptm/m/n/10.95 ,
 []


Underfull \hbox (badness 10000) in paragraph at lines 133--135
[]\T1/cmtt/m/n/10.95 Equal\T1/ptm/m/n/10.95 -\T1/cmtt/m/n/10.95 Catenary\T1/ptm
/m/n/10.95 -\T1/cmtt/m/n/10.95 Degree\T1/ptm/m/n/10.95 -\T1/cmtt/m/n/10.95 Of\T
1/ptm/m/n/10.95 -\T1/cmtt/m/n/10.95 Numerical\T1/ptm/m/n/10.95 -
 []


Underfull \hbox (badness 10000) in paragraph at lines 135--137
[]\T1/cmtt/m/n/10.95 Equal\T1/ptm/m/n/10.95 -\T1/cmtt/m/n/10.95 Catenary\T1/ptm
/m/n/10.95 -\T1/cmtt/m/n/10.95 Degree\T1/ptm/m/n/10.95 -\T1/cmtt/m/n/10.95 Of\T
1/ptm/m/n/10.95 -\T1/cmtt/m/n/10.95 Set\T1/ptm/m/n/10.95 -\T1/cmtt/m/n/10.95 Of
\T1/ptm/m/n/10.95 -
 []


Underfull \hbox (badness 10000) in paragraph at lines 137--139
[]\T1/cmtt/m/n/10.95 Equal\T1/ptm/m/n/10.95 -\T1/cmtt/m/n/10.95 Primitive\T1/pt
m/m/n/10.95 -\T1/cmtt/m/n/10.95 Elements\T1/ptm/m/n/10.95 -\T1/cmtt/m/n/10.95 O
f\T1/ptm/m/n/10.95 -\T1/cmtt/m/n/10.95 Numerical\T1/ptm/m/n/10.95 -
 []


Underfull \hbox (badness 10000) in paragraph at lines 143--145
[]\T1/cmtt/m/n/10.95 Factorizations\T1/ptm/m/n/10.95 -\T1/cmtt/m/n/10.95 Elemen
t\T1/ptm/m/n/10.95 -\T1/cmtt/m/n/10.95 List\T1/ptm/m/n/10.95 -\T1/cmtt/m/n/10.9
5 W\T1/ptm/m/n/10.95 -\T1/cmtt/m/n/10.95 R\T1/ptm/m/n/10.95 -\T1/cmtt/m/n/10.95
 T\T1/ptm/m/n/10.95 -\T1/cmtt/m/n/10.95 Numerical\T1/ptm/m/n/10.95 -
 []


Underfull \hbox (badness 10000) in paragraph at lines 145--147
[]\T1/cmtt/m/n/10.95 Factorizations\T1/ptm/m/n/10.95 -\T1/cmtt/m/n/10.95 Elemen
t\T1/ptm/m/n/10.95 -\T1/cmtt/m/n/10.95 W\T1/ptm/m/n/10.95 -\T1/cmtt/m/n/10.95 R
\T1/ptm/m/n/10.95 -\T1/cmtt/m/n/10.95 T\T1/ptm/m/n/10.95 -\T1/cmtt/m/n/10.95 Nu
merical\T1/ptm/m/n/10.95 -
 []


Underfull \hbox (badness 10000) in paragraph at lines 147--149
[]\T1/cmtt/m/n/10.95 Factorizations\T1/ptm/m/n/10.95 -\T1/cmtt/m/n/10.95 In\T1/
ptm/m/n/10.95 -\T1/cmtt/m/n/10.95 Homogenization\T1/ptm/m/n/10.95 -\T1/cmtt/m/n
/10.95 Of\T1/ptm/m/n/10.95 -
 []


Underfull \hbox (badness 10000) in paragraph at lines 153--155
[]\T1/cmtt/m/n/10.95 Free\T1/ptm/m/n/10.95 -\T1/cmtt/m/n/10.95 Numerical\T1/ptm
/m/n/10.95 -\T1/cmtt/m/n/10.95 Semigroups\T1/ptm/m/n/10.95 -\T1/cmtt/m/n/10.95 
With\T1/ptm/m/n/10.95 -\T1/cmtt/m/n/10.95 Frobenius\T1/ptm/m/n/10.95 -
 []


Underfull \hbox (badness 10000) in paragraph at lines 172--174
[]\T1/cmtt/m/n/10.95 Generators\T1/ptm/m/n/10.95 -\T1/cmtt/m/n/10.95 Of\T1/ptm/
m/n/10.95 -\T1/cmtt/m/n/10.95 Ideal\T1/ptm/m/n/10.95 -\T1/cmtt/m/n/10.95 Of\T1/
ptm/m/n/10.95 -\T1/cmtt/m/n/10.95 Numerical\T1/ptm/m/n/10.95 -\T1/cmtt/m/n/10.9
5 Semigroup\T1/ptm/m/n/10.95 ,
 []


Underfull \hbox (badness 10000) in paragraph at lines 186--188
[]\T1/cmtt/m/n/10.95 Graph\T1/ptm/m/n/10.95 -\T1/cmtt/m/n/10.95 Associated\T1/p
tm/m/n/10.95 -\T1/cmtt/m/n/10.95 To\T1/ptm/m/n/10.95 -\T1/cmtt/m/n/10.95 Elemen
t\T1/ptm/m/n/10.95 -\T1/cmtt/m/n/10.95 In\T1/ptm/m/n/10.95 -\T1/cmtt/m/n/10.95 
Numerical\T1/ptm/m/n/10.95 -
 []


Underfull \hbox (badness 10000) in paragraph at lines 191--193
[]\T1/cmtt/m/n/10.95 Hilbert\T1/ptm/m/n/10.95 -\T1/cmtt/m/n/10.95 Basis\T1/ptm/
m/n/10.95 -\T1/cmtt/m/n/10.95 Of\T1/ptm/m/n/10.95 -\T1/cmtt/m/n/10.95 System\T1
/ptm/m/n/10.95 -\T1/cmtt/m/n/10.95 Of\T1/ptm/m/n/10.95 -\T1/cmtt/m/n/10.95 Homo
geneous\T1/ptm/m/n/10.95 -
 []

[115]
Underfull \hbox (badness 10000) in paragraph at lines 193--195
[]\T1/cmtt/m/n/10.95 Hilbert\T1/ptm/m/n/10.95 -\T1/cmtt/m/n/10.95 Basis\T1/ptm/
m/n/10.95 -\T1/cmtt/m/n/10.95 Of\T1/ptm/m/n/10.95 -\T1/cmtt/m/n/10.95 System\T1
/ptm/m/n/10.95 -\T1/cmtt/m/n/10.95 Of\T1/ptm/m/n/10.95 -\T1/cmtt/m/n/10.95 Homo
geneous\T1/ptm/m/n/10.95 -
 []


Underfull \hbox (badness 10000) in paragraph at lines 195--197
[]\T1/cmtt/m/n/10.95 Hilbert\T1/ptm/m/n/10.95 -\T1/cmtt/m/n/10.95 Function\T1/p
tm/m/n/10.95 -\T1/cmtt/m/n/10.95 Of\T1/ptm/m/n/10.95 -\T1/cmtt/m/n/10.95 Ideal\
T1/ptm/m/n/10.95 -\T1/cmtt/m/n/10.95 Of\T1/ptm/m/n/10.95 -\T1/cmtt/m/n/10.95 Nu
merical\T1/ptm/m/n/10.95 -
 []


Underfull \hbox (badness 10000) in paragraph at lines 201--203
[]\T1/cmtt/m/n/10.95 Homogeneous\T1/ptm/m/n/10.95 -\T1/cmtt/m/n/10.95 Betti\T1/
ptm/m/n/10.95 -\T1/cmtt/m/n/10.95 Elements\T1/ptm/m/n/10.95 -\T1/cmtt/m/n/10.95
 Of\T1/ptm/m/n/10.95 -\T1/cmtt/m/n/10.95 Numerical\T1/ptm/m/n/10.95 -
 []


Underfull \hbox (badness 10000) in paragraph at lines 203--205
[]\T1/cmtt/m/n/10.95 Homogeneous\T1/ptm/m/n/10.95 -\T1/cmtt/m/n/10.95 Catenary\
T1/ptm/m/n/10.95 -\T1/cmtt/m/n/10.95 Degree\T1/ptm/m/n/10.95 -\T1/cmtt/m/n/10.9
5 Of\T1/ptm/m/n/10.95 -\T1/cmtt/m/n/10.95 Affine\T1/ptm/m/n/10.95 -
 []


Underfull \hbox (badness 10000) in paragraph at lines 205--207
[]\T1/cmtt/m/n/10.95 Homogeneous\T1/ptm/m/n/10.95 -\T1/cmtt/m/n/10.95 Catenary\
T1/ptm/m/n/10.95 -\T1/cmtt/m/n/10.95 Degree\T1/ptm/m/n/10.95 -\T1/cmtt/m/n/10.9
5 Of\T1/ptm/m/n/10.95 -\T1/cmtt/m/n/10.95 Numerical\T1/ptm/m/n/10.95 -
 []


Underfull \hbox (badness 10000) in paragraph at lines 218--220
[]\T1/cmtt/m/n/10.95 Intersection\T1/ptm/m/n/10.95 -\T1/cmtt/m/n/10.95 Ideals\T
1/ptm/m/n/10.95 -\T1/cmtt/m/n/10.95 Of\T1/ptm/m/n/10.95 -\T1/cmtt/m/n/10.95 Num
erical\T1/ptm/m/n/10.95 -
 []


Underfull \hbox (badness 10000) in paragraph at lines 221--223
[]\T1/cmtt/m/n/10.95 Irreducible\T1/ptm/m/n/10.95 -\T1/cmtt/m/n/10.95 Maximal\T
1/ptm/m/n/10.95 -\T1/cmtt/m/n/10.95 Elements\T1/ptm/m/n/10.95 -\T1/cmtt/m/n/10.
95 Of\T1/ptm/m/n/10.95 -\T1/cmtt/m/n/10.95 Good\T1/ptm/m/n/10.95 -
 []


Underfull \hbox (badness 10000) in paragraph at lines 223--225
[]\T1/cmtt/m/n/10.95 Irreducible\T1/ptm/m/n/10.95 -\T1/cmtt/m/n/10.95 Numerical
\T1/ptm/m/n/10.95 -\T1/cmtt/m/n/10.95 Semigroups\T1/ptm/m/n/10.95 -\T1/cmtt/m/n
/10.95 With\T1/ptm/m/n/10.95 -
 []


Underfull \hbox (badness 10000) in paragraph at lines 225--227
[]\T1/cmtt/m/n/10.95 IsA\T1/ptm/m/n/10.95 -\T1/cmtt/m/n/10.95 Complete\T1/ptm/m
/n/10.95 -\T1/cmtt/m/n/10.95 Intersection\T1/ptm/m/n/10.95 -\T1/cmtt/m/n/10.95 
Numerical\T1/ptm/m/n/10.95 -
 []


Underfull \hbox (badness 10000) in paragraph at lines 230--232
[]\T1/cmtt/m/n/10.95 IsAdmitted\T1/ptm/m/n/10.95 -\T1/cmtt/m/n/10.95 Pattern\T1
/ptm/m/n/10.95 -\T1/cmtt/m/n/10.95 By\T1/ptm/m/n/10.95 -\T1/cmtt/m/n/10.95 Nume
rical\T1/ptm/m/n/10.95 -\T1/cmtt/m/n/10.95 Semigroup\T1/ptm/m/n/10.95 ,
 []


Underfull \hbox (badness 10000) in paragraph at lines 236--238
[]\T1/cmtt/m/n/10.95 IsAffine\T1/ptm/m/n/10.95 -\T1/cmtt/m/n/10.95 Semigroup\T1
/ptm/m/n/10.95 -\T1/cmtt/m/n/10.95 By\T1/ptm/m/n/10.95 -\T1/cmtt/m/n/10.95 Mini
mal\T1/ptm/m/n/10.95 -\T1/cmtt/m/n/10.95 Generators\T1/ptm/m/n/10.95 ,
 []


Underfull \hbox (badness 10000) in paragraph at lines 245--247
[]\T1/cmtt/m/n/10.95 IsCanonical\T1/ptm/m/n/10.95 -\T1/cmtt/m/n/10.95 Ideal\T1/
ptm/m/n/10.95 -\T1/cmtt/m/n/10.95 Of\T1/ptm/m/n/10.95 -\T1/cmtt/m/n/10.95 Numer
ical\T1/ptm/m/n/10.95 -\T1/cmtt/m/n/10.95 Semigroup\T1/ptm/m/n/10.95 ,
 []


Underfull \hbox (badness 10000) in paragraph at lines 255--257
[]\T1/cmtt/m/n/10.95 IsGraded\T1/ptm/m/n/10.95 -\T1/cmtt/m/n/10.95 Associated\T
1/ptm/m/n/10.95 -\T1/cmtt/m/n/10.95 Ring\T1/ptm/m/n/10.95 -\T1/cmtt/m/n/10.95 N
umerical\T1/ptm/m/n/10.95 -
 []


Underfull \hbox (badness 10000) in paragraph at lines 257--259
[]\T1/cmtt/m/n/10.95 IsGraded\T1/ptm/m/n/10.95 -\T1/cmtt/m/n/10.95 Associated\T
1/ptm/m/n/10.95 -\T1/cmtt/m/n/10.95 Ring\T1/ptm/m/n/10.95 -\T1/cmtt/m/n/10.95 N
umerical\T1/ptm/m/n/10.95 -
 []


Underfull \hbox (badness 10000) in paragraph at lines 259--261
[]\T1/cmtt/m/n/10.95 IsGraded\T1/ptm/m/n/10.95 -\T1/cmtt/m/n/10.95 Associated\T
1/ptm/m/n/10.95 -\T1/cmtt/m/n/10.95 Ring\T1/ptm/m/n/10.95 -\T1/cmtt/m/n/10.95 N
umerical\T1/ptm/m/n/10.95 -
 []


Underfull \hbox (badness 10000) in paragraph at lines 261--263
[]\T1/cmtt/m/n/10.95 IsGraded\T1/ptm/m/n/10.95 -\T1/cmtt/m/n/10.95 Associated\T
1/ptm/m/n/10.95 -\T1/cmtt/m/n/10.95 Ring\T1/ptm/m/n/10.95 -\T1/cmtt/m/n/10.95 N
umerical\T1/ptm/m/n/10.95 -
 []


Underfull \hbox (badness 10000) in paragraph at lines 273--275
[]\T1/cmtt/m/n/10.95 IsNumerical\T1/ptm/m/n/10.95 -\T1/cmtt/m/n/10.95 Semigroup
\T1/ptm/m/n/10.95 -\T1/cmtt/m/n/10.95 Associated\T1/ptm/m/n/10.95 -
 []


Underfull \hbox (badness 10000) in paragraph at lines 273--275
\T1/cmtt/m/n/10.95 Irreducible\T1/ptm/m/n/10.95 -\T1/cmtt/m/n/10.95 Planar\T1/p
tm/m/n/10.95 -\T1/cmtt/m/n/10.95 Curve\T1/ptm/m/n/10.95 -
 []


Underfull \hbox (badness 10000) in paragraph at lines 276--278
[]\T1/cmtt/m/n/10.95 IsNumerical\T1/ptm/m/n/10.95 -\T1/cmtt/m/n/10.95 Semigroup
\T1/ptm/m/n/10.95 -\T1/cmtt/m/n/10.95 By\T1/ptm/m/n/10.95 -\T1/cmtt/m/n/10.95 F
undamental\T1/ptm/m/n/10.95 -\T1/cmtt/m/n/10.95 Gaps\T1/ptm/m/n/10.95 ,
 []


Underfull \hbox (badness 10000) in paragraph at lines 281--283
[]\T1/cmtt/m/n/10.95 IsNumerical\T1/ptm/m/n/10.95 -\T1/cmtt/m/n/10.95 Semigroup
\T1/ptm/m/n/10.95 -\T1/cmtt/m/n/10.95 By\T1/ptm/m/n/10.95 -\T1/cmtt/m/n/10.95 M
inimal\T1/ptm/m/n/10.95 -
 []


Underfull \hbox (badness 10000) in paragraph at lines 285--287
[]\T1/cmtt/m/n/10.95 IsNumerical\T1/ptm/m/n/10.95 -\T1/cmtt/m/n/10.95 Semigroup
\T1/ptm/m/n/10.95 -\T1/cmtt/m/n/10.95 By\T1/ptm/m/n/10.95 -\T1/cmtt/m/n/10.95 S
ub\T1/ptm/m/n/10.95 -\T1/cmtt/m/n/10.95 Additive\T1/ptm/m/n/10.95 -
 []

[116]
Underfull \hbox (badness 10000) in paragraph at lines 288--290
[]\T1/cmtt/m/n/10.95 IsProportionally\T1/ptm/m/n/10.95 -\T1/cmtt/m/n/10.95 Modu
lar\T1/ptm/m/n/10.95 -\T1/cmtt/m/n/10.95 Numerical\T1/ptm/m/n/10.95 -
 []


Underfull \hbox (badness 10000) in paragraph at lines 293--295
[]\T1/cmtt/m/n/10.95 IsSelf\T1/ptm/m/n/10.95 -\T1/cmtt/m/n/10.95 Reciprocal\T1/
ptm/m/n/10.95 -\T1/cmtt/m/n/10.95 Univariate\T1/ptm/m/n/10.95 -\T1/cmtt/m/n/10.
95 Polynomial\T1/ptm/m/n/10.95 ,
 []


Underfull \hbox (badness 10000) in paragraph at lines 303--305
[]\T1/cmtt/m/n/10.95 IsUniquely\T1/ptm/m/n/10.95 -\T1/cmtt/m/n/10.95 Presented\
T1/ptm/m/n/10.95 -\T1/cmtt/m/n/10.95 Numerical\T1/ptm/m/n/10.95 -\T1/cmtt/m/n/1
0.95 Semigroup\T1/ptm/m/n/10.95 ,
 []


Underfull \hbox (badness 10000) in paragraph at lines 313--315
[]\T1/cmtt/m/n/10.95 Lattice\T1/ptm/m/n/10.95 -\T1/cmtt/m/n/10.95 Path\T1/ptm/m
/n/10.95 -\T1/cmtt/m/n/10.95 Associated\T1/ptm/m/n/10.95 -\T1/cmtt/m/n/10.95 To
\T1/ptm/m/n/10.95 -\T1/cmtt/m/n/10.95 Numerical\T1/ptm/m/n/10.95 -
 []


Underfull \hbox (badness 10000) in paragraph at lines 315--317
[]\T1/cmtt/m/n/10.95 Lengths\T1/ptm/m/n/10.95 -\T1/cmtt/m/n/10.95 Of\T1/ptm/m/n
/10.95 -\T1/cmtt/m/n/10.95 Factorizations\T1/ptm/m/n/10.95 -\T1/cmtt/m/n/10.95 
Element\T1/ptm/m/n/10.95 -\T1/cmtt/m/n/10.95 W\T1/ptm/m/n/10.95 -\T1/cmtt/m/n/1
0.95 R\T1/ptm/m/n/10.95 -\T1/cmtt/m/n/10.95 T\T1/ptm/m/n/10.95 -
 []


Underfull \hbox (badness 10000) in paragraph at lines 317--319
[]\T1/cmtt/m/n/10.95 Lengths\T1/ptm/m/n/10.95 -\T1/cmtt/m/n/10.95 Of\T1/ptm/m/n
/10.95 -\T1/cmtt/m/n/10.95 Factorizations\T1/ptm/m/n/10.95 -\T1/cmtt/m/n/10.95 
Integer\T1/ptm/m/n/10.95 -\T1/cmtt/m/n/10.95 W\T1/ptm/m/n/10.95 -\T1/cmtt/m/n/1
0.95 R\T1/ptm/m/n/10.95 -\T1/cmtt/m/n/10.95 T\T1/ptm/m/n/10.95 -\T1/cmtt/m/n/10
.95 List\T1/ptm/m/n/10.95 ,
 []


Underfull \hbox (badness 10000) in paragraph at lines 324--326
[]\T1/cmtt/m/n/10.95 Maximal\T1/ptm/m/n/10.95 -\T1/cmtt/m/n/10.95 Denumerant\T1
/ptm/m/n/10.95 -\T1/cmtt/m/n/10.95 Of\T1/ptm/m/n/10.95 -\T1/cmtt/m/n/10.95 Elem
ent\T1/ptm/m/n/10.95 -\T1/cmtt/m/n/10.95 In\T1/ptm/m/n/10.95 -\T1/cmtt/m/n/10.9
5 Numerical\T1/ptm/m/n/10.95 -
 []


Underfull \hbox (badness 10000) in paragraph at lines 326--328
[]\T1/cmtt/m/n/10.95 Maximal\T1/ptm/m/n/10.95 -\T1/cmtt/m/n/10.95 Denumerant\T1
/ptm/m/n/10.95 -\T1/cmtt/m/n/10.95 Of\T1/ptm/m/n/10.95 -\T1/cmtt/m/n/10.95 Nume
rical\T1/ptm/m/n/10.95 -\T1/cmtt/m/n/10.95 Semigroup\T1/ptm/m/n/10.95 ,
 []


Underfull \hbox (badness 10000) in paragraph at lines 328--330
[]\T1/cmtt/m/n/10.95 Maximal\T1/ptm/m/n/10.95 -\T1/cmtt/m/n/10.95 Denumerant\T1
/ptm/m/n/10.95 -\T1/cmtt/m/n/10.95 Of\T1/ptm/m/n/10.95 -\T1/cmtt/m/n/10.95 Set\
T1/ptm/m/n/10.95 -\T1/cmtt/m/n/10.95 Of\T1/ptm/m/n/10.95 -
 []


Underfull \hbox (badness 10000) in paragraph at lines 332--334
[]\T1/cmtt/m/n/10.95 Maximum\T1/ptm/m/n/10.95 -\T1/cmtt/m/n/10.95 Degree\T1/ptm
/m/n/10.95 -\T1/cmtt/m/n/10.95 Of\T1/ptm/m/n/10.95 -\T1/cmtt/m/n/10.95 Element\
T1/ptm/m/n/10.95 -\T1/cmtt/m/n/10.95 W\T1/ptm/m/n/10.95 -\T1/cmtt/m/n/10.95 R\T
1/ptm/m/n/10.95 -\T1/cmtt/m/n/10.95 T\T1/ptm/m/n/10.95 -\T1/cmtt/m/n/10.95 Nume
rical\T1/ptm/m/n/10.95 -
 []


Underfull \hbox (badness 10000) in paragraph at lines 336--338
[]\T1/cmtt/m/n/10.95 Minimal\T1/ptm/m/n/10.95 -\T1/cmtt/m/n/10.95 Arf\T1/ptm/m/
n/10.95 -\T1/cmtt/m/n/10.95 Generating\T1/ptm/m/n/10.95 -\T1/cmtt/m/n/10.95 Sys
tem\T1/ptm/m/n/10.95 -\T1/cmtt/m/n/10.95 Of\T1/ptm/m/n/10.95 -\T1/cmtt/m/n/10.9
5 Arf\T1/ptm/m/n/10.95 -
 []


Underfull \hbox (badness 10000) in paragraph at lines 342--344
[]\T1/cmtt/m/n/10.95 Minimal\T1/ptm/m/n/10.95 -\T1/cmtt/m/n/10.95 Generating\T1
/ptm/m/n/10.95 -\T1/cmtt/m/n/10.95 System\T1/ptm/m/n/10.95 -\T1/cmtt/m/n/10.95 
Of\T1/ptm/m/n/10.95 -\T1/cmtt/m/n/10.95 Ideal\T1/ptm/m/n/10.95 -\T1/cmtt/m/n/10
.95 Of\T1/ptm/m/n/10.95 -
 []


Underfull \hbox (badness 10000) in paragraph at lines 344--346
[]\T1/cmtt/m/n/10.95 Minimal\T1/ptm/m/n/10.95 -\T1/cmtt/m/n/10.95 Generating\T1
/ptm/m/n/10.95 -\T1/cmtt/m/n/10.95 System\T1/ptm/m/n/10.95 -\T1/cmtt/m/n/10.95 
Of\T1/ptm/m/n/10.95 -\T1/cmtt/m/n/10.95 Numerical\T1/ptm/m/n/10.95 -
 []


Underfull \hbox (badness 10000) in paragraph at lines 350--352
[]\T1/cmtt/m/n/10.95 Minimal\T1/ptm/m/n/10.95 -\T1/cmtt/m/n/10.95 Good\T1/ptm/m
/n/10.95 -\T1/cmtt/m/n/10.95 Generating\T1/ptm/m/n/10.95 -\T1/cmtt/m/n/10.95 Sy
stem\T1/ptm/m/n/10.95 -\T1/cmtt/m/n/10.95 Of\T1/ptm/m/n/10.95 -\T1/cmtt/m/n/10.
95 Good\T1/ptm/m/n/10.95 -
 []


Underfull \hbox (badness 10000) in paragraph at lines 352--354
[]\T1/cmtt/m/n/10.95 Minimal\T1/ptm/m/n/10.95 -\T1/cmtt/m/n/10.95 Good\T1/ptm/m
/n/10.95 -\T1/cmtt/m/n/10.95 Generating\T1/ptm/m/n/10.95 -\T1/cmtt/m/n/10.95 Sy
stem\T1/ptm/m/n/10.95 -\T1/cmtt/m/n/10.95 Of\T1/ptm/m/n/10.95 -\T1/cmtt/m/n/10.
95 Good\T1/ptm/m/n/10.95 -
 []


Underfull \hbox (badness 10000) in paragraph at lines 354--356
[]\T1/cmtt/m/n/10.95 Minimal\T1/ptm/m/n/10.95 -\T1/cmtt/m/n/10.95 M\T1/ptm/m/n/
10.95 -\T1/cmtt/m/n/10.95 E\T1/ptm/m/n/10.95 -\T1/cmtt/m/n/10.95 D\T1/ptm/m/n/1
0.95 -\T1/cmtt/m/n/10.95 Generating\T1/ptm/m/n/10.95 -\T1/cmtt/m/n/10.95 System
\T1/ptm/m/n/10.95 -\T1/cmtt/m/n/10.95 Of\T1/ptm/m/n/10.95 -\T1/cmtt/m/n/10.95 M
\T1/ptm/m/n/10.95 -\T1/cmtt/m/n/10.95 E\T1/ptm/m/n/10.95 -\T1/cmtt/m/n/10.95 D\
T1/ptm/m/n/10.95 -
 []


Underfull \hbox (badness 10000) in paragraph at lines 356--358
[]\T1/cmtt/m/n/10.95 Minimal\T1/ptm/m/n/10.95 -\T1/cmtt/m/n/10.95 Presentation\
T1/ptm/m/n/10.95 -\T1/cmtt/m/n/10.95 Of\T1/ptm/m/n/10.95 -\T1/cmtt/m/n/10.95 Af
fine\T1/ptm/m/n/10.95 -\T1/cmtt/m/n/10.95 Semigroup\T1/ptm/m/n/10.95 ,
 []


Underfull \hbox (badness 10000) in paragraph at lines 358--360
[]\T1/cmtt/m/n/10.95 Minimal\T1/ptm/m/n/10.95 -\T1/cmtt/m/n/10.95 Presentation\
T1/ptm/m/n/10.95 -\T1/cmtt/m/n/10.95 Of\T1/ptm/m/n/10.95 -\T1/cmtt/m/n/10.95 Nu
merical\T1/ptm/m/n/10.95 -
 []


Underfull \hbox (badness 10000) in paragraph at lines 361--363
[]\T1/cmtt/m/n/10.95 Moebius\T1/ptm/m/n/10.95 -\T1/cmtt/m/n/10.95 Function\T1/p
tm/m/n/10.95 -\T1/cmtt/m/n/10.95 Associated\T1/ptm/m/n/10.95 -\T1/cmtt/m/n/10.9
5 To\T1/ptm/m/n/10.95 -\T1/cmtt/m/n/10.95 Numerical\T1/ptm/m/n/10.95 -
 []


Underfull \hbox (badness 10000) in paragraph at lines 363--365
[]\T1/cmtt/m/n/10.95 Monotone\T1/ptm/m/n/10.95 -\T1/cmtt/m/n/10.95 Catenary\T1/
ptm/m/n/10.95 -\T1/cmtt/m/n/10.95 Degree\T1/ptm/m/n/10.95 -\T1/cmtt/m/n/10.95 O
f\T1/ptm/m/n/10.95 -\T1/cmtt/m/n/10.95 Affine\T1/ptm/m/n/10.95 -
 []


Underfull \hbox (badness 10000) in paragraph at lines 365--367
[]\T1/cmtt/m/n/10.95 Monotone\T1/ptm/m/n/10.95 -\T1/cmtt/m/n/10.95 Catenary\T1/
ptm/m/n/10.95 -\T1/cmtt/m/n/10.95 Degree\T1/ptm/m/n/10.95 -\T1/cmtt/m/n/10.95 O
f\T1/ptm/m/n/10.95 -\T1/cmtt/m/n/10.95 Numerical\T1/ptm/m/n/10.95 -
 []


Underfull \hbox (badness 10000) in paragraph at lines 367--369
[]\T1/cmtt/m/n/10.95 Monotone\T1/ptm/m/n/10.95 -\T1/cmtt/m/n/10.95 Catenary\T1/
ptm/m/n/10.95 -\T1/cmtt/m/n/10.95 Degree\T1/ptm/m/n/10.95 -\T1/cmtt/m/n/10.95 O
f\T1/ptm/m/n/10.95 -\T1/cmtt/m/n/10.95 Set\T1/ptm/m/n/10.95 -\T1/cmtt/m/n/10.95
 Of\T1/ptm/m/n/10.95 -
 []


Underfull \hbox (badness 10000) in paragraph at lines 369--371
[]\T1/cmtt/m/n/10.95 Monotone\T1/ptm/m/n/10.95 -\T1/cmtt/m/n/10.95 Primitive\T1
/ptm/m/n/10.95 -\T1/cmtt/m/n/10.95 Elements\T1/ptm/m/n/10.95 -\T1/cmtt/m/n/10.9
5 Of\T1/ptm/m/n/10.95 -\T1/cmtt/m/n/10.95 Numerical\T1/ptm/m/n/10.95 -
 []


Underfull \hbox (badness 10000) in paragraph at lines 376--378
[]\T1/cmtt/m/n/10.95 Multiplicity\T1/ptm/m/n/10.95 -\T1/cmtt/m/n/10.95 Sequence
\T1/ptm/m/n/10.95 -\T1/cmtt/m/n/10.95 Of\T1/ptm/m/n/10.95 -\T1/cmtt/m/n/10.95 N
umerical\T1/ptm/m/n/10.95 -
 []

[117]
Underfull \hbox (badness 10000) in paragraph at lines 402--404
[]\T1/cmtt/m/n/10.95 Numerical\T1/ptm/m/n/10.95 -\T1/cmtt/m/n/10.95 Semigroup\T
1/ptm/m/n/10.95 -\T1/cmtt/m/n/10.95 By\T1/ptm/m/n/10.95 -\T1/cmtt/m/n/10.95 Sub
\T1/ptm/m/n/10.95 -\T1/cmtt/m/n/10.95 Additive\T1/ptm/m/n/10.95 -
 []


Underfull \hbox (badness 10000) in paragraph at lines 405--407
[]\T1/cmtt/m/n/10.95 Numerical\T1/ptm/m/n/10.95 -\T1/cmtt/m/n/10.95 Semigroup\T
1/ptm/m/n/10.95 -\T1/cmtt/m/n/10.95 From\T1/ptm/m/n/10.95 -\T1/cmtt/m/n/10.95 N
umerical\T1/ptm/m/n/10.95 -
 []


Underfull \hbox (badness 10000) in paragraph at lines 408--410
[]\T1/cmtt/m/n/10.95 Numerical\T1/ptm/m/n/10.95 -\T1/cmtt/m/n/10.95 Semigroups\
T1/ptm/m/n/10.95 -\T1/cmtt/m/n/10.95 Associated\T1/ptm/m/n/10.95 -
 []


Underfull \hbox (badness 10000) in paragraph at lines 408--410
\T1/cmtt/m/n/10.95 Irreducible\T1/ptm/m/n/10.95 -\T1/cmtt/m/n/10.95 Planar\T1/p
tm/m/n/10.95 -\T1/cmtt/m/n/10.95 Curve\T1/ptm/m/n/10.95 -
 []


Underfull \hbox (badness 10000) in paragraph at lines 408--410
\T1/cmtt/m/n/10.95 Singularity\T1/ptm/m/n/10.95 -\T1/cmtt/m/n/10.95 With\T1/ptm
/m/n/10.95 -\T1/cmtt/m/n/10.95 Frobenius\T1/ptm/m/n/10.95 -\T1/cmtt/m/n/10.95 N
umber\T1/ptm/m/n/10.95 ,
 []


Underfull \hbox (badness 10000) in paragraph at lines 410--412
[]\T1/cmtt/m/n/10.95 Numerical\T1/ptm/m/n/10.95 -\T1/cmtt/m/n/10.95 Semigroups\
T1/ptm/m/n/10.95 -\T1/cmtt/m/n/10.95 With\T1/ptm/m/n/10.95 -\T1/cmtt/m/n/10.95 
Frobenius\T1/ptm/m/n/10.95 -
 []


Underfull \hbox (badness 10000) in paragraph at lines 413--415
[]\T1/cmtt/m/n/10.95 Numerical\T1/ptm/m/n/10.95 -\T1/cmtt/m/n/10.95 Semigroups\
T1/ptm/m/n/10.95 -\T1/cmtt/m/n/10.95 With\T1/ptm/m/n/10.95 -\T1/cmtt/m/n/10.95 
Pseudo\T1/ptm/m/n/10.95 -
 []


Underfull \hbox (badness 10000) in paragraph at lines 415--417
[]\T1/cmtt/m/n/10.95 Numerical\T1/ptm/m/n/10.95 -\T1/cmtt/m/n/10.95 Semigroup\T
1/ptm/m/n/10.95 -\T1/cmtt/m/n/10.95 With\T1/ptm/m/n/10.95 -\T1/cmtt/m/n/10.95 R
andom\T1/ptm/m/n/10.95 -\T1/cmtt/m/n/10.95 Elements\T1/ptm/m/n/10.95 -
 []


Underfull \hbox (badness 10000) in paragraph at lines 427--429
[]\T1/cmtt/m/n/10.95 Omega\T1/ptm/m/n/10.95 -\T1/cmtt/m/n/10.95 Primality\T1/pt
m/m/n/10.95 -\T1/cmtt/m/n/10.95 Of\T1/ptm/m/n/10.95 -\T1/cmtt/m/n/10.95 Element
\T1/ptm/m/n/10.95 -\T1/cmtt/m/n/10.95 In\T1/ptm/m/n/10.95 -\T1/cmtt/m/n/10.95 A
ffine\T1/ptm/m/n/10.95 -
 []


Underfull \hbox (badness 10000) in paragraph at lines 429--431
[]\T1/cmtt/m/n/10.95 Omega\T1/ptm/m/n/10.95 -\T1/cmtt/m/n/10.95 Primality\T1/pt
m/m/n/10.95 -\T1/cmtt/m/n/10.95 Of\T1/ptm/m/n/10.95 -\T1/cmtt/m/n/10.95 Element
\T1/ptm/m/n/10.95 -\T1/cmtt/m/n/10.95 In\T1/ptm/m/n/10.95 -\T1/cmtt/m/n/10.95 N
umerical\T1/ptm/m/n/10.95 -
 []


Underfull \hbox (badness 10000) in paragraph at lines 431--433
[]\T1/cmtt/m/n/10.95 Omega\T1/ptm/m/n/10.95 -\T1/cmtt/m/n/10.95 Primality\T1/pt
m/m/n/10.95 -\T1/cmtt/m/n/10.95 Of\T1/ptm/m/n/10.95 -\T1/cmtt/m/n/10.95 Element
\T1/ptm/m/n/10.95 -\T1/cmtt/m/n/10.95 List\T1/ptm/m/n/10.95 -\T1/cmtt/m/n/10.95
 In\T1/ptm/m/n/10.95 -
 []


Underfull \hbox (badness 10000) in paragraph at lines 439--441
[]\T1/cmtt/m/n/10.95 Primitive\T1/ptm/m/n/10.95 -\T1/cmtt/m/n/10.95 Elements\T1
/ptm/m/n/10.95 -\T1/cmtt/m/n/10.95 Of\T1/ptm/m/n/10.95 -\T1/cmtt/m/n/10.95 Nume
rical\T1/ptm/m/n/10.95 -\T1/cmtt/m/n/10.95 Semigroup\T1/ptm/m/n/10.95 ,
 []


Underfull \hbox (badness 10000) in paragraph at lines 442--444
[]\T1/cmtt/m/n/10.95 Proportionally\T1/ptm/m/n/10.95 -\T1/cmtt/m/n/10.95 Modula
r\T1/ptm/m/n/10.95 -\T1/cmtt/m/n/10.95 Numerical\T1/ptm/m/n/10.95 -
 []


Underfull \hbox (badness 10000) in paragraph at lines 453--455
[]\T1/cmtt/m/n/10.95 Random\T1/ptm/m/n/10.95 -\T1/cmtt/m/n/10.95 List\T1/ptm/m/
n/10.95 -\T1/cmtt/m/n/10.95 Representing\T1/ptm/m/n/10.95 -\T1/cmtt/m/n/10.95 S
ub\T1/ptm/m/n/10.95 -\T1/cmtt/m/n/10.95 Additive\T1/ptm/m/n/10.95 -
 []


Underfull \hbox (badness 10000) in paragraph at lines 457--459
[]\T1/cmtt/m/n/10.95 Random\T1/ptm/m/n/10.95 -\T1/cmtt/m/n/10.95 Proportionally
\T1/ptm/m/n/10.95 -\T1/cmtt/m/n/10.95 Modular\T1/ptm/m/n/10.95 -\T1/cmtt/m/n/10
.95 Numerical\T1/ptm/m/n/10.95 -
 []


Underfull \hbox (badness 10000) in paragraph at lines 460--462
[]\T1/cmtt/m/n/10.95 Reduction\T1/ptm/m/n/10.95 -\T1/cmtt/m/n/10.95 Number\T1/p
tm/m/n/10.95 -\T1/cmtt/m/n/10.95 Ideal\T1/ptm/m/n/10.95 -\T1/cmtt/m/n/10.95 Num
erical\T1/ptm/m/n/10.95 -
 []


Underfull \hbox (badness 10000) in paragraph at lines 462--464
[]\T1/cmtt/m/n/10.95 Remove\T1/ptm/m/n/10.95 -\T1/cmtt/m/n/10.95 Minimal\T1/ptm
/m/n/10.95 -\T1/cmtt/m/n/10.95 Generator\T1/ptm/m/n/10.95 -\T1/cmtt/m/n/10.95 F
rom\T1/ptm/m/n/10.95 -\T1/cmtt/m/n/10.95 Numerical\T1/ptm/m/n/10.95 -
 []


Underfull \hbox (badness 10000) in paragraph at lines 465--467
[]\T1/cmtt/m/n/10.95 Represents\T1/ptm/m/n/10.95 -\T1/cmtt/m/n/10.95 Periodic\T
1/ptm/m/n/10.95 -\T1/cmtt/m/n/10.95 Sub\T1/ptm/m/n/10.95 -\T1/cmtt/m/n/10.95 Ad
ditive\T1/ptm/m/n/10.95 -\T1/cmtt/m/n/10.95 Function\T1/ptm/m/n/10.95 ,
 []


Underfull \hbox (badness 10000) in paragraph at lines 467--469
[]\T1/cmtt/m/n/10.95 Represents\T1/ptm/m/n/10.95 -\T1/cmtt/m/n/10.95 Small\T1/p
tm/m/n/10.95 -\T1/cmtt/m/n/10.95 Elements\T1/ptm/m/n/10.95 -\T1/cmtt/m/n/10.95 
Of\T1/ptm/m/n/10.95 -\T1/cmtt/m/n/10.95 Good\T1/ptm/m/n/10.95 -
 []


Underfull \hbox (badness 10000) in paragraph at lines 469--471
[]\T1/cmtt/m/n/10.95 Represents\T1/ptm/m/n/10.95 -\T1/cmtt/m/n/10.95 Small\T1/p
tm/m/n/10.95 -\T1/cmtt/m/n/10.95 Elements\T1/ptm/m/n/10.95 -\T1/cmtt/m/n/10.95 
Of\T1/ptm/m/n/10.95 -\T1/cmtt/m/n/10.95 Numerical\T1/ptm/m/n/10.95 -
 []


Underfull \hbox (badness 10000) in paragraph at lines 475--477
[]\T1/cmtt/m/n/10.95 Saturated\T1/ptm/m/n/10.95 -\T1/cmtt/m/n/10.95 Numerical\T
1/ptm/m/n/10.95 -\T1/cmtt/m/n/10.95 Semigroups\T1/ptm/m/n/10.95 -\T1/cmtt/m/n/1
0.95 With\T1/ptm/m/n/10.95 -
 []


Underfull \hbox (badness 10000) in paragraph at lines 482--484
[]\T1/cmtt/m/n/10.95 Semigroup\T1/ptm/m/n/10.95 -\T1/cmtt/m/n/10.95 Of\T1/ptm/m
/n/10.95 -\T1/cmtt/m/n/10.95 Values\T1/ptm/m/n/10.95 -\T1/cmtt/m/n/10.95 Of\T1/
ptm/m/n/10.95 -\T1/cmtt/m/n/10.95 Plane\T1/ptm/m/n/10.95 -\T1/cmtt/m/n/10.95 Cu
rve\T1/ptm/m/n/10.95 -\T1/cmtt/m/n/10.95 With\T1/ptm/m/n/10.95 -
 []


Underfull \hbox (badness 10000) in paragraph at lines 485--487
[]\T1/cmtt/m/n/10.95 Shaded\T1/ptm/m/n/10.95 -\T1/cmtt/m/n/10.95 Set\T1/ptm/m/n
/10.95 -\T1/cmtt/m/n/10.95 Of\T1/ptm/m/n/10.95 -\T1/cmtt/m/n/10.95 Element\T1/p
tm/m/n/10.95 -\T1/cmtt/m/n/10.95 In\T1/ptm/m/n/10.95 -\T1/cmtt/m/n/10.95 Numeri
cal\T1/ptm/m/n/10.95 -
 []


Underfull \hbox (badness 10000) in paragraph at lines 487--489
[]\T1/cmtt/m/n/10.95 Simple\T1/ptm/m/n/10.95 -\T1/cmtt/m/n/10.95 Forced\T1/ptm/
m/n/10.95 -\T1/cmtt/m/n/10.95 Integers\T1/ptm/m/n/10.95 -\T1/cmtt/m/n/10.95 For
\T1/ptm/m/n/10.95 -\T1/cmtt/m/n/10.95 Pseudo\T1/ptm/m/n/10.95 -
 []

[118]
Underfull \hbox (badness 10000) in paragraph at lines 496--498
[]\T1/cmtt/m/n/10.95 Small\T1/ptm/m/n/10.95 -\T1/cmtt/m/n/10.95 Elements\T1/ptm
/m/n/10.95 -\T1/cmtt/m/n/10.95 Of\T1/ptm/m/n/10.95 -\T1/cmtt/m/n/10.95 Ideal\T1
/ptm/m/n/10.95 -\T1/cmtt/m/n/10.95 Of\T1/ptm/m/n/10.95 -\T1/cmtt/m/n/10.95 Nume
rical\T1/ptm/m/n/10.95 -
 []


Underfull \hbox (badness 10000) in paragraph at lines 502--504
[]\T1/cmtt/m/n/10.95 Star\T1/ptm/m/n/10.95 -\T1/cmtt/m/n/10.95 Closure\T1/ptm/m
/n/10.95 -\T1/cmtt/m/n/10.95 Of\T1/ptm/m/n/10.95 -\T1/cmtt/m/n/10.95 Ideal\T1/p
tm/m/n/10.95 -\T1/cmtt/m/n/10.95 Of\T1/ptm/m/n/10.95 -\T1/cmtt/m/n/10.95 Numeri
cal\T1/ptm/m/n/10.95 -
 []


Underfull \hbox (badness 10000) in paragraph at lines 510--512
[]\T1/cmtt/m/n/10.95 Tame\T1/ptm/m/n/10.95 -\T1/cmtt/m/n/10.95 Degree\T1/ptm/m/
n/10.95 -\T1/cmtt/m/n/10.95 Of\T1/ptm/m/n/10.95 -\T1/cmtt/m/n/10.95 Element\T1/
ptm/m/n/10.95 -\T1/cmtt/m/n/10.95 In\T1/ptm/m/n/10.95 -\T1/cmtt/m/n/10.95 Numer
ical\T1/ptm/m/n/10.95 -
 []


Underfull \hbox (badness 10000) in paragraph at lines 514--516
[]\T1/cmtt/m/n/10.95 Telescopic\T1/ptm/m/n/10.95 -\T1/cmtt/m/n/10.95 Numerical\
T1/ptm/m/n/10.95 -\T1/cmtt/m/n/10.95 Semigroups\T1/ptm/m/n/10.95 -\T1/cmtt/m/n/
10.95 With\T1/ptm/m/n/10.95 -
 []


Underfull \hbox (badness 10000) in paragraph at lines 516--518
[]\T1/cmtt/m/n/10.95 Torsion\T1/ptm/m/n/10.95 -\T1/cmtt/m/n/10.95 Of\T1/ptm/m/n
/10.95 -\T1/cmtt/m/n/10.95 Associated\T1/ptm/m/n/10.95 -\T1/cmtt/m/n/10.95 Grad
ed\T1/ptm/m/n/10.95 -\T1/cmtt/m/n/10.95 Ring\T1/ptm/m/n/10.95 -
 []


Underfull \hbox (badness 10000) in paragraph at lines 518--520
[]\T1/cmtt/m/n/10.95 Translation\T1/ptm/m/n/10.95 -\T1/cmtt/m/n/10.95 Of\T1/ptm
/m/n/10.95 -\T1/cmtt/m/n/10.95 Ideal\T1/ptm/m/n/10.95 -\T1/cmtt/m/n/10.95 Of\T1
/ptm/m/n/10.95 -\T1/cmtt/m/n/10.95 Numerical\T1/ptm/m/n/10.95 -
 []


Underfull \hbox (badness 10000) in paragraph at lines 520--522
[]\T1/cmtt/m/n/10.95 Truncated\T1/ptm/m/n/10.95 -\T1/cmtt/m/n/10.95 Wilf\T1/ptm
/m/n/10.95 -\T1/cmtt/m/n/10.95 Number\T1/ptm/m/n/10.95 -\T1/cmtt/m/n/10.95 Of\T
1/ptm/m/n/10.95 -\T1/cmtt/m/n/10.95 Numerical\T1/ptm/m/n/10.95 -
 []

[119

])
Package atveryend Info: Empty hook `BeforeClearDocument' on input line 7084.
Package atveryend Info: Empty hook `AfterLastShipout' on input line 7084.
 (./NumericalSgpsMan.aux)
Package atveryend Info: Executing hook `AtVeryEndDocument' on input line 7084.
Package atveryend Info: Executing hook `AtEndAfterFileList' on input line 7084.

Package rerunfilecheck Info: File `NumericalSgpsMan.out' has not changed.
(rerunfilecheck)             Checksum: 1A6A65FF4538A5E00D2884C7B8396B5A;4917.
Package rerunfilecheck Info: File `NumericalSgpsMan.brf' has not changed.
(rerunfilecheck)             Checksum: 802434F433D9332645145CA73AB8196D;5321.
Package atveryend Info: Empty hook `AtVeryVeryEnd' on input line 7084.
 ) 
Here is how much of TeX's memory you used:
 8530 strings out of 493029
 131572 string characters out of 6136234
 215528 words of memory out of 5000000
 11061 multiletter control sequences out of 15000+600000
 89612 words of font info for 108 fonts, out of 8000000 for 9000
 1141 hyphenation exceptions out of 8191
 32i,7n,29p,789b,705s stack positions out of 5000i,500n,10000p,200000b,80000s
{/usr/share/texmf/fonts/enc/dvips/cm-super/cm-super-t1.enc}{/usr/share/texliv
e/texmf-dist/fonts/enc/dvips/base/8r.enc}</usr/share/texlive/texmf-dist/fonts/t
ype1/public/amsfonts/cm/cmex10.pfb></usr/share/texlive/texmf-dist/fonts/type1/p
ublic/amsfonts/cm/cmmi10.pfb></usr/share/texlive/texmf-dist/fonts/type1/public/
amsfonts/cm/cmr10.pfb></usr/share/texlive/texmf-dist/fonts/type1/public/amsfont
s/cm/cmsy10.pfb></usr/share/texlive/texmf-dist/fonts/type1/public/amsfonts/symb
ols/msbm10.pfb></usr/share/texlive/texmf-dist/fonts/type1/public/rsfs/rsfs10.pf
b></usr/share/texmf/fonts/type1/public/cm-super/sfst1095.pfb></usr/share/texmf/
fonts/type1/public/cm-super/sftt1000.pfb></usr/share/texmf/fonts/type1/public/c
m-super/sftt1095.pfb></usr/share/texlive/texmf-dist/fonts/type1/urw/helvetic/uh
vb8a.pfb></usr/share/texlive/texmf-dist/fonts/type1/urw/helvetic/uhvr8a.pfb></u
sr/share/texlive/texmf-dist/fonts/type1/urw/helvetic/uhvro8a.pfb></usr/share/te
xlive/texmf-dist/fonts/type1/urw/symbol/usyr.pfb></usr/share/texlive/texmf-dist
/fonts/type1/urw/symbol/usyr.pfb></usr/share/texlive/texmf-dist/fonts/type1/urw
/times/utmb8a.pfb></usr/share/texlive/texmf-dist/fonts/type1/urw/times/utmr8a.p
fb></usr/share/texlive/texmf-dist/fonts/type1/urw/times/utmr8a.pfb></usr/share/
texlive/texmf-dist/fonts/type1/urw/times/utmri8a.pfb>
Output written on NumericalSgpsMan.pdf (119 pages, 544369 bytes).
PDF statistics:
 2352 PDF objects out of 2487 (max. 8388607)
 2191 compressed objects within 22 object streams
 862 named destinations out of 1000 (max. 500000)
 497 words of extra memory for PDF output out of 10000 (max. 10000000)

